28-Apr-2024 16:35:17.440 信息 [main] org.apache.catalina.startup.VersionLoggerListener.log Server.服务器版本: Apache Tomcat/9.0.88
28-Apr-2024 16:35:17.452 信息 [main] org.apache.catalina.startup.VersionLoggerListener.log 服务器构建:        Apr 9 2024 13:22:30 UTC
28-Apr-2024 16:35:17.453 信息 [main] org.apache.catalina.startup.VersionLoggerListener.log 服务器版本号:      9.0.88.0
28-Apr-2024 16:35:17.453 信息 [main] org.apache.catalina.startup.VersionLoggerListener.log 操作系统名称:      Windows 11
28-Apr-2024 16:35:17.454 信息 [main] org.apache.catalina.startup.VersionLoggerListener.log OS.版本:           10.0
28-Apr-2024 16:35:17.454 信息 [main] org.apache.catalina.startup.VersionLoggerListener.log 架构:              amd64
28-Apr-2024 16:35:17.454 信息 [main] org.apache.catalina.startup.VersionLoggerListener.log Java 环境变量:     D:\WorkSpace\JDK\jdk-22.0.1
28-Apr-2024 16:35:17.455 信息 [main] org.apache.catalina.startup.VersionLoggerListener.log Java虚拟机版本:    22.0.1+8-16
28-Apr-2024 16:35:17.455 信息 [main] org.apache.catalina.startup.VersionLoggerListener.log JVM.供应商:        Oracle Corporation
28-Apr-2024 16:35:17.455 信息 [main] org.apache.catalina.startup.VersionLoggerListener.log CATALINA_BASE:     D:\WorkSpace\IdeaProjects\demo2
28-Apr-2024 16:35:17.456 信息 [main] org.apache.catalina.startup.VersionLoggerListener.log CATALINA_HOME:     D:\tomcat\apache-tomcat-9.0.88
28-Apr-2024 16:35:17.482 信息 [main] org.apache.catalina.startup.VersionLoggerListener.log 命令行参数：       --add-opens=java.base/java.lang=ALL-UNNAMED
28-Apr-2024 16:35:17.482 信息 [main] org.apache.catalina.startup.VersionLoggerListener.log 命令行参数：       --add-opens=java.base/java.io=ALL-UNNAMED
28-Apr-2024 16:35:17.483 信息 [main] org.apache.catalina.startup.VersionLoggerListener.log 命令行参数：       --add-opens=java.base/java.util=ALL-UNNAMED
28-Apr-2024 16:35:17.483 信息 [main] org.apache.catalina.startup.VersionLoggerListener.log 命令行参数：       --add-opens=java.base/java.util.concurrent=ALL-UNNAMED
28-Apr-2024 16:35:17.483 信息 [main] org.apache.catalina.startup.VersionLoggerListener.log 命令行参数：       --add-opens=java.rmi/sun.rmi.transport=ALL-UNNAMED
28-Apr-2024 16:35:17.485 信息 [main] org.apache.catalina.startup.VersionLoggerListener.log 命令行参数：       -Dcatalina.home=D:\tomcat\apache-tomcat-9.0.88
28-Apr-2024 16:35:17.485 信息 [main] org.apache.catalina.startup.VersionLoggerListener.log 命令行参数：       -Dcatalina.base=D:\WorkSpace\IdeaProjects\demo2
28-Apr-2024 16:35:17.486 信息 [main] org.apache.catalina.startup.VersionLoggerListener.log 命令行参数：       -Djava.io.tmpdir=D:\WorkSpace\IdeaProjects\demo2\temp
28-Apr-2024 16:35:17.487 信息 [main] org.apache.catalina.startup.VersionLoggerListener.log 命令行参数：       -Djava.util.logging.config.file=D:\WorkSpace\IdeaProjects\demo2\conf\logging.properties
28-Apr-2024 16:35:17.487 信息 [main] org.apache.catalina.startup.VersionLoggerListener.log 命令行参数：       -Djava.util.logging.manager=org.apache.juli.ClassLoaderLogManager
28-Apr-2024 16:35:17.488 信息 [main] org.apache.catalina.startup.VersionLoggerListener.log 命令行参数：       -javaagent:C:\Users\Admin\AppData\Local\Programs\IntelliJ IDEA Ultimate 2024.1\lib\idea_rt.jar=7214:C:\Users\Admin\AppData\Local\Programs\IntelliJ IDEA Ultimate 2024.1\bin
28-Apr-2024 16:35:17.488 信息 [main] org.apache.catalina.startup.VersionLoggerListener.log 命令行参数：       -Dfile.encoding=UTF-8
28-Apr-2024 16:35:17.488 信息 [main] org.apache.catalina.startup.VersionLoggerListener.log 命令行参数：       -Dsun.stdout.encoding=UTF-8
28-Apr-2024 16:35:17.489 信息 [main] org.apache.catalina.startup.VersionLoggerListener.log 命令行参数：       -Dsun.stderr.encoding=UTF-8
28-Apr-2024 16:35:17.510 信息 [main] org.apache.catalina.core.AprLifecycleListener.lifecycleEvent 使用APR版本[1.7.4]加载了基于APR的Apache Tomcat本机库[1.3.0]。
28-Apr-2024 16:35:17.510 信息 [main] org.apache.catalina.core.AprLifecycleListener.lifecycleEvent APR功能：IPv6[true]、sendfile[true]、accept filters[false]、random[true]、UDS [true]。
28-Apr-2024 16:35:17.511 信息 [main] org.apache.catalina.core.AprLifecycleListener.lifecycleEvent APR/OpenSSL配置：useAprConnector[false]，useOpenSSL[true]
28-Apr-2024 16:35:17.560 信息 [main] org.apache.catalina.core.AprLifecycleListener.initializeSSL OpenSSL成功初始化 [OpenSSL 3.0.13 30 Jan 2024]
28-Apr-2024 16:35:18.361 信息 [main] org.apache.coyote.AbstractProtocol.init 初始化协议处理器 ["http-nio-8080"]
28-Apr-2024 16:35:18.401 信息 [main] org.apache.catalina.startup.Catalina.load 服务器在[1665]毫秒内初始化
28-Apr-2024 16:35:18.513 信息 [main] org.apache.catalina.core.StandardService.startInternal 正在启动服务[Catalina]
28-Apr-2024 16:35:18.513 信息 [main] org.apache.catalina.core.StandardEngine.startInternal 正在启动 Servlet 引擎：[Apache Tomcat/9.0.88]
28-Apr-2024 16:35:18.535 信息 [main] org.apache.catalina.startup.HostConfig.deployDescriptor 正在部署部署描述符[D:\WorkSpace\IdeaProjects\demo2\conf\Catalina\localhost\demo2.xml]。
28-Apr-2024 16:35:19.336 警告 [main] org.apache.tomcat.util.descriptor.web.WebXml.setVersion 未知版本字符串 [5.0]。将使用默认版本。
28-Apr-2024 16:35:25.401 信息 [main] org.apache.jasper.servlet.TldScanner.scanJars 至少有一个JAR被扫描用于TLD但尚未包含TLD。 为此记录器启用调试日志记录，以获取已扫描但未在其中找到TLD的完整JAR列表。 在扫描期间跳过不需要的JAR可以缩短启动时间和JSP编译时间。
28-Apr-2024 16:35:25.517 信息 [main] org.apache.catalina.startup.HostConfig.deployDescriptor 部署描述符[D:\WorkSpace\IdeaProjects\demo2\conf\Catalina\localhost\demo2.xml]的部署已在[6,976]ms内完成
28-Apr-2024 16:35:25.525 信息 [main] org.apache.coyote.AbstractProtocol.start 开始协议处理句柄["http-nio-8080"]
28-Apr-2024 16:35:25.576 信息 [main] org.apache.catalina.startup.Catalina.start [7172]毫秒后服务器启动
28-Apr-2024 16:36:28.983 信息 [Thread-1] org.apache.coyote.AbstractProtocol.pause 暂停ProtocolHandler["http-nio-8080"]
28-Apr-2024 16:36:28.986 信息 [Thread-1] org.apache.catalina.core.StandardService.stopInternal 正在停止服务[Catalina]
28-Apr-2024 16:36:29.022 信息 [Thread-1] org.apache.coyote.AbstractProtocol.stop 正在停止ProtocolHandler ["http-nio-8080"]
28-Apr-2024 16:36:29.032 信息 [Thread-1] org.apache.coyote.AbstractProtocol.destroy 正在摧毁协议处理器 ["http-nio-8080"]
28-Apr-2024 16:36:38.801 信息 [main] org.apache.catalina.startup.VersionLoggerListener.log Server.服务器版本: Apache Tomcat/9.0.88
28-Apr-2024 16:36:38.817 信息 [main] org.apache.catalina.startup.VersionLoggerListener.log 服务器构建:        Apr 9 2024 13:22:30 UTC
28-Apr-2024 16:36:38.818 信息 [main] org.apache.catalina.startup.VersionLoggerListener.log 服务器版本号:      9.0.88.0
28-Apr-2024 16:36:38.818 信息 [main] org.apache.catalina.startup.VersionLoggerListener.log 操作系统名称:      Windows 11
28-Apr-2024 16:36:38.819 信息 [main] org.apache.catalina.startup.VersionLoggerListener.log OS.版本:           10.0
28-Apr-2024 16:36:38.819 信息 [main] org.apache.catalina.startup.VersionLoggerListener.log 架构:              amd64
28-Apr-2024 16:36:38.819 信息 [main] org.apache.catalina.startup.VersionLoggerListener.log Java 环境变量:     D:\WorkSpace\JDK\jdk-22.0.1
28-Apr-2024 16:36:38.820 信息 [main] org.apache.catalina.startup.VersionLoggerListener.log Java虚拟机版本:    22.0.1+8-16
28-Apr-2024 16:36:38.820 信息 [main] org.apache.catalina.startup.VersionLoggerListener.log JVM.供应商:        Oracle Corporation
28-Apr-2024 16:36:38.821 信息 [main] org.apache.catalina.startup.VersionLoggerListener.log CATALINA_BASE:     D:\WorkSpace\IdeaProjects\demo2
28-Apr-2024 16:36:38.821 信息 [main] org.apache.catalina.startup.VersionLoggerListener.log CATALINA_HOME:     D:\tomcat\apache-tomcat-9.0.88
28-Apr-2024 16:36:38.859 信息 [main] org.apache.catalina.startup.VersionLoggerListener.log 命令行参数：       --add-opens=java.base/java.lang=ALL-UNNAMED
28-Apr-2024 16:36:38.860 信息 [main] org.apache.catalina.startup.VersionLoggerListener.log 命令行参数：       --add-opens=java.base/java.io=ALL-UNNAMED
28-Apr-2024 16:36:38.860 信息 [main] org.apache.catalina.startup.VersionLoggerListener.log 命令行参数：       --add-opens=java.base/java.util=ALL-UNNAMED
28-Apr-2024 16:36:38.860 信息 [main] org.apache.catalina.startup.VersionLoggerListener.log 命令行参数：       --add-opens=java.base/java.util.concurrent=ALL-UNNAMED
28-Apr-2024 16:36:38.861 信息 [main] org.apache.catalina.startup.VersionLoggerListener.log 命令行参数：       --add-opens=java.rmi/sun.rmi.transport=ALL-UNNAMED
28-Apr-2024 16:36:38.861 信息 [main] org.apache.catalina.startup.VersionLoggerListener.log 命令行参数：       -Dcatalina.home=D:\tomcat\apache-tomcat-9.0.88
28-Apr-2024 16:36:38.862 信息 [main] org.apache.catalina.startup.VersionLoggerListener.log 命令行参数：       -Dcatalina.base=D:\WorkSpace\IdeaProjects\demo2
28-Apr-2024 16:36:38.862 信息 [main] org.apache.catalina.startup.VersionLoggerListener.log 命令行参数：       -Djava.io.tmpdir=D:\WorkSpace\IdeaProjects\demo2\temp
28-Apr-2024 16:36:38.862 信息 [main] org.apache.catalina.startup.VersionLoggerListener.log 命令行参数：       -Djava.util.logging.config.file=D:\WorkSpace\IdeaProjects\demo2\conf\logging.properties
28-Apr-2024 16:36:38.863 信息 [main] org.apache.catalina.startup.VersionLoggerListener.log 命令行参数：       -Djava.util.logging.manager=org.apache.juli.ClassLoaderLogManager
28-Apr-2024 16:36:38.863 信息 [main] org.apache.catalina.startup.VersionLoggerListener.log 命令行参数：       -javaagent:C:\Users\Admin\AppData\Local\Programs\IntelliJ IDEA Ultimate 2024.1\lib\idea_rt.jar=11679:C:\Users\Admin\AppData\Local\Programs\IntelliJ IDEA Ultimate 2024.1\bin
28-Apr-2024 16:36:38.863 信息 [main] org.apache.catalina.startup.VersionLoggerListener.log 命令行参数：       -Dfile.encoding=UTF-8
28-Apr-2024 16:36:38.864 信息 [main] org.apache.catalina.startup.VersionLoggerListener.log 命令行参数：       -Dsun.stdout.encoding=UTF-8
28-Apr-2024 16:36:38.865 信息 [main] org.apache.catalina.startup.VersionLoggerListener.log 命令行参数：       -Dsun.stderr.encoding=UTF-8
28-Apr-2024 16:36:38.880 信息 [main] org.apache.catalina.core.AprLifecycleListener.lifecycleEvent 使用APR版本[1.7.4]加载了基于APR的Apache Tomcat本机库[1.3.0]。
28-Apr-2024 16:36:38.881 信息 [main] org.apache.catalina.core.AprLifecycleListener.lifecycleEvent APR功能：IPv6[true]、sendfile[true]、accept filters[false]、random[true]、UDS [true]。
28-Apr-2024 16:36:38.881 信息 [main] org.apache.catalina.core.AprLifecycleListener.lifecycleEvent APR/OpenSSL配置：useAprConnector[false]，useOpenSSL[true]
28-Apr-2024 16:36:38.911 信息 [main] org.apache.catalina.core.AprLifecycleListener.initializeSSL OpenSSL成功初始化 [OpenSSL 3.0.13 30 Jan 2024]
28-Apr-2024 16:36:40.184 信息 [main] org.apache.coyote.AbstractProtocol.init 初始化协议处理器 ["http-nio-8080"]
28-Apr-2024 16:36:40.248 信息 [main] org.apache.catalina.startup.Catalina.load 服务器在[2468]毫秒内初始化
28-Apr-2024 16:36:40.458 信息 [main] org.apache.catalina.core.StandardService.startInternal 正在启动服务[Catalina]
28-Apr-2024 16:36:40.460 信息 [main] org.apache.catalina.core.StandardEngine.startInternal 正在启动 Servlet 引擎：[Apache Tomcat/9.0.88]
28-Apr-2024 16:36:40.491 信息 [main] org.apache.catalina.startup.HostConfig.deployDescriptor 正在部署部署描述符[D:\WorkSpace\IdeaProjects\demo2\conf\Catalina\localhost\demo2.xml]。
28-Apr-2024 16:36:41.618 警告 [main] org.apache.tomcat.util.descriptor.web.WebXml.setVersion 未知版本字符串 [5.0]。将使用默认版本。
28-Apr-2024 16:36:48.394 信息 [main] org.apache.jasper.servlet.TldScanner.scanJars 至少有一个JAR被扫描用于TLD但尚未包含TLD。 为此记录器启用调试日志记录，以获取已扫描但未在其中找到TLD的完整JAR列表。 在扫描期间跳过不需要的JAR可以缩短启动时间和JSP编译时间。
28-Apr-2024 16:36:48.527 信息 [main] org.apache.catalina.startup.HostConfig.deployDescriptor 部署描述符[D:\WorkSpace\IdeaProjects\demo2\conf\Catalina\localhost\demo2.xml]的部署已在[8,030]ms内完成
28-Apr-2024 16:36:48.535 信息 [main] org.apache.coyote.AbstractProtocol.start 开始协议处理句柄["http-nio-8080"]
28-Apr-2024 16:36:48.585 信息 [main] org.apache.catalina.startup.Catalina.start [8326]毫秒后服务器启动
28-Apr-2024 16:40:12.151 信息 [Thread-1] org.apache.coyote.AbstractProtocol.pause 暂停ProtocolHandler["http-nio-8080"]
28-Apr-2024 16:40:12.175 信息 [Thread-1] org.apache.catalina.core.StandardService.stopInternal 正在停止服务[Catalina]
28-Apr-2024 16:40:12.421 警告 [Thread-1] org.apache.catalina.loader.WebappClassLoaderBase.clearReferencesJdbc Web应用程序 [demo2] 注册了JDBC驱动程序 [oracle.jdbc.OracleDriver]，但在Web应用程序停止时无法注销它。 为防止内存泄漏，JDBC驱动程序已被强制取消注册。
28-Apr-2024 16:40:12.424 警告 [Thread-1] org.apache.catalina.loader.WebappClassLoaderBase.clearReferencesThreads Web应用程序[demo2]似乎启动了一个名为[Timer-0]的线程，但未能停止它。这很可能会造成内存泄漏。线程的堆栈跟踪：[
 java.base/java.lang.Object.wait0(Native Method)
 java.base/java.lang.Object.wait(Object.java:375)
 java.base/java.lang.Object.wait(Object.java:348)
 java.base/java.util.TimerThread.mainLoop(Timer.java:542)
 java.base/java.util.TimerThread.run(Timer.java:521)]
28-Apr-2024 16:40:12.452 信息 [Thread-1] org.apache.coyote.AbstractProtocol.stop 正在停止ProtocolHandler ["http-nio-8080"]
28-Apr-2024 16:40:12.475 信息 [Thread-1] org.apache.coyote.AbstractProtocol.destroy 正在摧毁协议处理器 ["http-nio-8080"]
28-Apr-2024 16:40:21.551 信息 [main] org.apache.catalina.startup.VersionLoggerListener.log Server.服务器版本: Apache Tomcat/9.0.88
28-Apr-2024 16:40:21.562 信息 [main] org.apache.catalina.startup.VersionLoggerListener.log 服务器构建:        Apr 9 2024 13:22:30 UTC
28-Apr-2024 16:40:21.563 信息 [main] org.apache.catalina.startup.VersionLoggerListener.log 服务器版本号:      9.0.88.0
28-Apr-2024 16:40:21.564 信息 [main] org.apache.catalina.startup.VersionLoggerListener.log 操作系统名称:      Windows 11
28-Apr-2024 16:40:21.564 信息 [main] org.apache.catalina.startup.VersionLoggerListener.log OS.版本:           10.0
28-Apr-2024 16:40:21.564 信息 [main] org.apache.catalina.startup.VersionLoggerListener.log 架构:              amd64
28-Apr-2024 16:40:21.565 信息 [main] org.apache.catalina.startup.VersionLoggerListener.log Java 环境变量:     D:\WorkSpace\JDK\jdk-22.0.1
28-Apr-2024 16:40:21.565 信息 [main] org.apache.catalina.startup.VersionLoggerListener.log Java虚拟机版本:    22.0.1+8-16
28-Apr-2024 16:40:21.566 信息 [main] org.apache.catalina.startup.VersionLoggerListener.log JVM.供应商:        Oracle Corporation
28-Apr-2024 16:40:21.567 信息 [main] org.apache.catalina.startup.VersionLoggerListener.log CATALINA_BASE:     D:\WorkSpace\IdeaProjects\demo2
28-Apr-2024 16:40:21.567 信息 [main] org.apache.catalina.startup.VersionLoggerListener.log CATALINA_HOME:     D:\tomcat\apache-tomcat-9.0.88
28-Apr-2024 16:40:21.590 信息 [main] org.apache.catalina.startup.VersionLoggerListener.log 命令行参数：       --add-opens=java.base/java.lang=ALL-UNNAMED
28-Apr-2024 16:40:21.591 信息 [main] org.apache.catalina.startup.VersionLoggerListener.log 命令行参数：       --add-opens=java.base/java.io=ALL-UNNAMED
28-Apr-2024 16:40:21.591 信息 [main] org.apache.catalina.startup.VersionLoggerListener.log 命令行参数：       --add-opens=java.base/java.util=ALL-UNNAMED
28-Apr-2024 16:40:21.592 信息 [main] org.apache.catalina.startup.VersionLoggerListener.log 命令行参数：       --add-opens=java.base/java.util.concurrent=ALL-UNNAMED
28-Apr-2024 16:40:21.592 信息 [main] org.apache.catalina.startup.VersionLoggerListener.log 命令行参数：       --add-opens=java.rmi/sun.rmi.transport=ALL-UNNAMED
28-Apr-2024 16:40:21.593 信息 [main] org.apache.catalina.startup.VersionLoggerListener.log 命令行参数：       -Dcatalina.home=D:\tomcat\apache-tomcat-9.0.88
28-Apr-2024 16:40:21.593 信息 [main] org.apache.catalina.startup.VersionLoggerListener.log 命令行参数：       -Dcatalina.base=D:\WorkSpace\IdeaProjects\demo2
28-Apr-2024 16:40:21.593 信息 [main] org.apache.catalina.startup.VersionLoggerListener.log 命令行参数：       -Djava.io.tmpdir=D:\WorkSpace\IdeaProjects\demo2\temp
28-Apr-2024 16:40:21.594 信息 [main] org.apache.catalina.startup.VersionLoggerListener.log 命令行参数：       -Djava.util.logging.config.file=D:\WorkSpace\IdeaProjects\demo2\conf\logging.properties
28-Apr-2024 16:40:21.600 信息 [main] org.apache.catalina.startup.VersionLoggerListener.log 命令行参数：       -Djava.util.logging.manager=org.apache.juli.ClassLoaderLogManager
28-Apr-2024 16:40:21.601 信息 [main] org.apache.catalina.startup.VersionLoggerListener.log 命令行参数：       -javaagent:C:\Users\Admin\AppData\Local\Programs\IntelliJ IDEA Ultimate 2024.1\lib\idea_rt.jar=49569:C:\Users\Admin\AppData\Local\Programs\IntelliJ IDEA Ultimate 2024.1\bin
28-Apr-2024 16:40:21.601 信息 [main] org.apache.catalina.startup.VersionLoggerListener.log 命令行参数：       -Dfile.encoding=UTF-8
28-Apr-2024 16:40:21.602 信息 [main] org.apache.catalina.startup.VersionLoggerListener.log 命令行参数：       -Dsun.stdout.encoding=UTF-8
28-Apr-2024 16:40:21.603 信息 [main] org.apache.catalina.startup.VersionLoggerListener.log 命令行参数：       -Dsun.stderr.encoding=UTF-8
28-Apr-2024 16:40:21.629 信息 [main] org.apache.catalina.core.AprLifecycleListener.lifecycleEvent 使用APR版本[1.7.4]加载了基于APR的Apache Tomcat本机库[1.3.0]。
28-Apr-2024 16:40:21.629 信息 [main] org.apache.catalina.core.AprLifecycleListener.lifecycleEvent APR功能：IPv6[true]、sendfile[true]、accept filters[false]、random[true]、UDS [true]。
28-Apr-2024 16:40:21.630 信息 [main] org.apache.catalina.core.AprLifecycleListener.lifecycleEvent APR/OpenSSL配置：useAprConnector[false]，useOpenSSL[true]
28-Apr-2024 16:40:21.685 信息 [main] org.apache.catalina.core.AprLifecycleListener.initializeSSL OpenSSL成功初始化 [OpenSSL 3.0.13 30 Jan 2024]
28-Apr-2024 16:40:22.611 信息 [main] org.apache.coyote.AbstractProtocol.init 初始化协议处理器 ["http-nio-8080"]
28-Apr-2024 16:40:22.650 信息 [main] org.apache.catalina.startup.Catalina.load 服务器在[2296]毫秒内初始化
28-Apr-2024 16:40:22.777 信息 [main] org.apache.catalina.core.StandardService.startInternal 正在启动服务[Catalina]
28-Apr-2024 16:40:22.778 信息 [main] org.apache.catalina.core.StandardEngine.startInternal 正在启动 Servlet 引擎：[Apache Tomcat/9.0.88]
28-Apr-2024 16:40:22.804 信息 [main] org.apache.catalina.startup.HostConfig.deployDescriptor 正在部署部署描述符[D:\WorkSpace\IdeaProjects\demo2\conf\Catalina\localhost\demo2.xml]。
28-Apr-2024 16:40:23.812 警告 [main] org.apache.tomcat.util.descriptor.web.WebXml.setVersion 未知版本字符串 [5.0]。将使用默认版本。
28-Apr-2024 16:40:30.758 信息 [main] org.apache.jasper.servlet.TldScanner.scanJars 至少有一个JAR被扫描用于TLD但尚未包含TLD。 为此记录器启用调试日志记录，以获取已扫描但未在其中找到TLD的完整JAR列表。 在扫描期间跳过不需要的JAR可以缩短启动时间和JSP编译时间。
28-Apr-2024 16:40:30.901 信息 [main] org.apache.catalina.startup.HostConfig.deployDescriptor 部署描述符[D:\WorkSpace\IdeaProjects\demo2\conf\Catalina\localhost\demo2.xml]的部署已在[8,093]ms内完成
28-Apr-2024 16:40:30.909 信息 [main] org.apache.coyote.AbstractProtocol.start 开始协议处理句柄["http-nio-8080"]
28-Apr-2024 16:40:30.969 信息 [main] org.apache.catalina.startup.Catalina.start [8316]毫秒后服务器启动
28-Apr-2024 16:43:09.873 信息 [Thread-1] org.apache.coyote.AbstractProtocol.pause 暂停ProtocolHandler["http-nio-8080"]
28-Apr-2024 16:43:09.880 信息 [Thread-1] org.apache.catalina.core.StandardService.stopInternal 正在停止服务[Catalina]
28-Apr-2024 16:43:10.045 警告 [Thread-1] org.apache.catalina.loader.WebappClassLoaderBase.clearReferencesJdbc Web应用程序 [demo2] 注册了JDBC驱动程序 [oracle.jdbc.OracleDriver]，但在Web应用程序停止时无法注销它。 为防止内存泄漏，JDBC驱动程序已被强制取消注册。
28-Apr-2024 16:43:10.048 警告 [Thread-1] org.apache.catalina.loader.WebappClassLoaderBase.clearReferencesThreads Web应用程序[demo2]似乎启动了一个名为[Timer-0]的线程，但未能停止它。这很可能会造成内存泄漏。线程的堆栈跟踪：[
 java.base/java.lang.Object.wait0(Native Method)
 java.base/java.lang.Object.wait(Object.java:375)
 java.base/java.lang.Object.wait(Object.java:348)
 java.base/java.util.TimerThread.mainLoop(Timer.java:542)
 java.base/java.util.TimerThread.run(Timer.java:521)]
28-Apr-2024 16:43:10.085 信息 [Thread-1] org.apache.coyote.AbstractProtocol.stop 正在停止ProtocolHandler ["http-nio-8080"]
28-Apr-2024 16:43:10.115 信息 [Thread-1] org.apache.coyote.AbstractProtocol.destroy 正在摧毁协议处理器 ["http-nio-8080"]
28-Apr-2024 16:43:18.454 信息 [main] org.apache.catalina.startup.VersionLoggerListener.log Server.服务器版本: Apache Tomcat/9.0.88
28-Apr-2024 16:43:18.466 信息 [main] org.apache.catalina.startup.VersionLoggerListener.log 服务器构建:        Apr 9 2024 13:22:30 UTC
28-Apr-2024 16:43:18.467 信息 [main] org.apache.catalina.startup.VersionLoggerListener.log 服务器版本号:      9.0.88.0
28-Apr-2024 16:43:18.467 信息 [main] org.apache.catalina.startup.VersionLoggerListener.log 操作系统名称:      Windows 11
28-Apr-2024 16:43:18.468 信息 [main] org.apache.catalina.startup.VersionLoggerListener.log OS.版本:           10.0
28-Apr-2024 16:43:18.469 信息 [main] org.apache.catalina.startup.VersionLoggerListener.log 架构:              amd64
28-Apr-2024 16:43:18.469 信息 [main] org.apache.catalina.startup.VersionLoggerListener.log Java 环境变量:     D:\WorkSpace\JDK\jdk-22.0.1
28-Apr-2024 16:43:18.469 信息 [main] org.apache.catalina.startup.VersionLoggerListener.log Java虚拟机版本:    22.0.1+8-16
28-Apr-2024 16:43:18.470 信息 [main] org.apache.catalina.startup.VersionLoggerListener.log JVM.供应商:        Oracle Corporation
28-Apr-2024 16:43:18.471 信息 [main] org.apache.catalina.startup.VersionLoggerListener.log CATALINA_BASE:     D:\WorkSpace\IdeaProjects\demo2
28-Apr-2024 16:43:18.471 信息 [main] org.apache.catalina.startup.VersionLoggerListener.log CATALINA_HOME:     D:\tomcat\apache-tomcat-9.0.88
28-Apr-2024 16:43:18.498 信息 [main] org.apache.catalina.startup.VersionLoggerListener.log 命令行参数：       --add-opens=java.base/java.lang=ALL-UNNAMED
28-Apr-2024 16:43:18.499 信息 [main] org.apache.catalina.startup.VersionLoggerListener.log 命令行参数：       --add-opens=java.base/java.io=ALL-UNNAMED
28-Apr-2024 16:43:18.499 信息 [main] org.apache.catalina.startup.VersionLoggerListener.log 命令行参数：       --add-opens=java.base/java.util=ALL-UNNAMED
28-Apr-2024 16:43:18.500 信息 [main] org.apache.catalina.startup.VersionLoggerListener.log 命令行参数：       --add-opens=java.base/java.util.concurrent=ALL-UNNAMED
28-Apr-2024 16:43:18.500 信息 [main] org.apache.catalina.startup.VersionLoggerListener.log 命令行参数：       --add-opens=java.rmi/sun.rmi.transport=ALL-UNNAMED
28-Apr-2024 16:43:18.501 信息 [main] org.apache.catalina.startup.VersionLoggerListener.log 命令行参数：       -Dcatalina.home=D:\tomcat\apache-tomcat-9.0.88
28-Apr-2024 16:43:18.502 信息 [main] org.apache.catalina.startup.VersionLoggerListener.log 命令行参数：       -Dcatalina.base=D:\WorkSpace\IdeaProjects\demo2
28-Apr-2024 16:43:18.503 信息 [main] org.apache.catalina.startup.VersionLoggerListener.log 命令行参数：       -Djava.io.tmpdir=D:\WorkSpace\IdeaProjects\demo2\temp
28-Apr-2024 16:43:18.503 信息 [main] org.apache.catalina.startup.VersionLoggerListener.log 命令行参数：       -Djava.util.logging.config.file=D:\WorkSpace\IdeaProjects\demo2\conf\logging.properties
28-Apr-2024 16:43:18.503 信息 [main] org.apache.catalina.startup.VersionLoggerListener.log 命令行参数：       -Djava.util.logging.manager=org.apache.juli.ClassLoaderLogManager
28-Apr-2024 16:43:18.504 信息 [main] org.apache.catalina.startup.VersionLoggerListener.log 命令行参数：       -javaagent:C:\Users\Admin\AppData\Local\Programs\IntelliJ IDEA Ultimate 2024.1\lib\idea_rt.jar=20683:C:\Users\Admin\AppData\Local\Programs\IntelliJ IDEA Ultimate 2024.1\bin
28-Apr-2024 16:43:18.504 信息 [main] org.apache.catalina.startup.VersionLoggerListener.log 命令行参数：       -Dfile.encoding=UTF-8
28-Apr-2024 16:43:18.504 信息 [main] org.apache.catalina.startup.VersionLoggerListener.log 命令行参数：       -Dsun.stdout.encoding=UTF-8
28-Apr-2024 16:43:18.504 信息 [main] org.apache.catalina.startup.VersionLoggerListener.log 命令行参数：       -Dsun.stderr.encoding=UTF-8
28-Apr-2024 16:43:18.522 信息 [main] org.apache.catalina.core.AprLifecycleListener.lifecycleEvent 使用APR版本[1.7.4]加载了基于APR的Apache Tomcat本机库[1.3.0]。
28-Apr-2024 16:43:18.522 信息 [main] org.apache.catalina.core.AprLifecycleListener.lifecycleEvent APR功能：IPv6[true]、sendfile[true]、accept filters[false]、random[true]、UDS [true]。
28-Apr-2024 16:43:18.523 信息 [main] org.apache.catalina.core.AprLifecycleListener.lifecycleEvent APR/OpenSSL配置：useAprConnector[false]，useOpenSSL[true]
28-Apr-2024 16:43:18.573 信息 [main] org.apache.catalina.core.AprLifecycleListener.initializeSSL OpenSSL成功初始化 [OpenSSL 3.0.13 30 Jan 2024]
28-Apr-2024 16:43:19.898 信息 [main] org.apache.coyote.AbstractProtocol.init 初始化协议处理器 ["http-nio-8080"]
28-Apr-2024 16:43:19.937 信息 [main] org.apache.catalina.startup.Catalina.load 服务器在[2376]毫秒内初始化
28-Apr-2024 16:43:20.055 信息 [main] org.apache.catalina.core.StandardService.startInternal 正在启动服务[Catalina]
28-Apr-2024 16:43:20.055 信息 [main] org.apache.catalina.core.StandardEngine.startInternal 正在启动 Servlet 引擎：[Apache Tomcat/9.0.88]
28-Apr-2024 16:43:20.081 信息 [main] org.apache.catalina.startup.HostConfig.deployDescriptor 正在部署部署描述符[D:\WorkSpace\IdeaProjects\demo2\conf\Catalina\localhost\demo2.xml]。
28-Apr-2024 16:43:21.046 警告 [main] org.apache.tomcat.util.descriptor.web.WebXml.setVersion 未知版本字符串 [5.0]。将使用默认版本。
28-Apr-2024 16:43:27.092 信息 [main] org.apache.jasper.servlet.TldScanner.scanJars 至少有一个JAR被扫描用于TLD但尚未包含TLD。 为此记录器启用调试日志记录，以获取已扫描但未在其中找到TLD的完整JAR列表。 在扫描期间跳过不需要的JAR可以缩短启动时间和JSP编译时间。
28-Apr-2024 16:43:27.229 信息 [main] org.apache.catalina.startup.HostConfig.deployDescriptor 部署描述符[D:\WorkSpace\IdeaProjects\demo2\conf\Catalina\localhost\demo2.xml]的部署已在[7,143]ms内完成
28-Apr-2024 16:43:27.237 信息 [main] org.apache.coyote.AbstractProtocol.start 开始协议处理句柄["http-nio-8080"]
28-Apr-2024 16:43:27.308 信息 [main] org.apache.catalina.startup.Catalina.start [7369]毫秒后服务器启动
28-Apr-2024 16:50:22.208 信息 [Thread-1] org.apache.coyote.AbstractProtocol.pause 暂停ProtocolHandler["http-nio-8080"]
28-Apr-2024 16:50:22.247 信息 [Thread-1] org.apache.catalina.core.StandardService.stopInternal 正在停止服务[Catalina]
28-Apr-2024 16:50:22.671 警告 [Thread-1] org.apache.catalina.loader.WebappClassLoaderBase.clearReferencesJdbc Web应用程序 [demo2] 注册了JDBC驱动程序 [oracle.jdbc.OracleDriver]，但在Web应用程序停止时无法注销它。 为防止内存泄漏，JDBC驱动程序已被强制取消注册。
28-Apr-2024 16:50:22.677 警告 [Thread-1] org.apache.catalina.loader.WebappClassLoaderBase.clearReferencesThreads Web应用程序[demo2]似乎启动了一个名为[Timer-0]的线程，但未能停止它。这很可能会造成内存泄漏。线程的堆栈跟踪：[
 java.base/java.lang.Object.wait0(Native Method)
 java.base/java.lang.Object.wait(Object.java:375)
 java.base/java.lang.Object.wait(Object.java:348)
 java.base/java.util.TimerThread.mainLoop(Timer.java:542)
 java.base/java.util.TimerThread.run(Timer.java:521)]
28-Apr-2024 16:50:22.736 信息 [Thread-1] org.apache.coyote.AbstractProtocol.stop 正在停止ProtocolHandler ["http-nio-8080"]
28-Apr-2024 16:50:22.765 信息 [Thread-1] org.apache.coyote.AbstractProtocol.destroy 正在摧毁协议处理器 ["http-nio-8080"]
28-Apr-2024 16:50:32.587 信息 [main] org.apache.catalina.startup.VersionLoggerListener.log Server.服务器版本: Apache Tomcat/9.0.88
28-Apr-2024 16:50:32.598 信息 [main] org.apache.catalina.startup.VersionLoggerListener.log 服务器构建:        Apr 9 2024 13:22:30 UTC
28-Apr-2024 16:50:32.599 信息 [main] org.apache.catalina.startup.VersionLoggerListener.log 服务器版本号:      9.0.88.0
28-Apr-2024 16:50:32.599 信息 [main] org.apache.catalina.startup.VersionLoggerListener.log 操作系统名称:      Windows 11
28-Apr-2024 16:50:32.599 信息 [main] org.apache.catalina.startup.VersionLoggerListener.log OS.版本:           10.0
28-Apr-2024 16:50:32.600 信息 [main] org.apache.catalina.startup.VersionLoggerListener.log 架构:              amd64
28-Apr-2024 16:50:32.600 信息 [main] org.apache.catalina.startup.VersionLoggerListener.log Java 环境变量:     D:\WorkSpace\JDK\jdk-22.0.1
28-Apr-2024 16:50:32.600 信息 [main] org.apache.catalina.startup.VersionLoggerListener.log Java虚拟机版本:    22.0.1+8-16
28-Apr-2024 16:50:32.600 信息 [main] org.apache.catalina.startup.VersionLoggerListener.log JVM.供应商:        Oracle Corporation
28-Apr-2024 16:50:32.600 信息 [main] org.apache.catalina.startup.VersionLoggerListener.log CATALINA_BASE:     D:\WorkSpace\IdeaProjects\demo2
28-Apr-2024 16:50:32.601 信息 [main] org.apache.catalina.startup.VersionLoggerListener.log CATALINA_HOME:     D:\tomcat\apache-tomcat-9.0.88
28-Apr-2024 16:50:32.625 信息 [main] org.apache.catalina.startup.VersionLoggerListener.log 命令行参数：       --add-opens=java.base/java.lang=ALL-UNNAMED
28-Apr-2024 16:50:32.626 信息 [main] org.apache.catalina.startup.VersionLoggerListener.log 命令行参数：       --add-opens=java.base/java.io=ALL-UNNAMED
28-Apr-2024 16:50:32.626 信息 [main] org.apache.catalina.startup.VersionLoggerListener.log 命令行参数：       --add-opens=java.base/java.util=ALL-UNNAMED
28-Apr-2024 16:50:32.627 信息 [main] org.apache.catalina.startup.VersionLoggerListener.log 命令行参数：       --add-opens=java.base/java.util.concurrent=ALL-UNNAMED
28-Apr-2024 16:50:32.627 信息 [main] org.apache.catalina.startup.VersionLoggerListener.log 命令行参数：       --add-opens=java.rmi/sun.rmi.transport=ALL-UNNAMED
28-Apr-2024 16:50:32.627 信息 [main] org.apache.catalina.startup.VersionLoggerListener.log 命令行参数：       -Dcatalina.home=D:\tomcat\apache-tomcat-9.0.88
28-Apr-2024 16:50:32.628 信息 [main] org.apache.catalina.startup.VersionLoggerListener.log 命令行参数：       -Dcatalina.base=D:\WorkSpace\IdeaProjects\demo2
28-Apr-2024 16:50:32.628 信息 [main] org.apache.catalina.startup.VersionLoggerListener.log 命令行参数：       -Djava.io.tmpdir=D:\WorkSpace\IdeaProjects\demo2\temp
28-Apr-2024 16:50:32.628 信息 [main] org.apache.catalina.startup.VersionLoggerListener.log 命令行参数：       -Djava.util.logging.config.file=D:\WorkSpace\IdeaProjects\demo2\conf\logging.properties
28-Apr-2024 16:50:32.629 信息 [main] org.apache.catalina.startup.VersionLoggerListener.log 命令行参数：       -Djava.util.logging.manager=org.apache.juli.ClassLoaderLogManager
28-Apr-2024 16:50:32.629 信息 [main] org.apache.catalina.startup.VersionLoggerListener.log 命令行参数：       -javaagent:C:\Users\Admin\AppData\Local\Programs\IntelliJ IDEA Ultimate 2024.1\lib\idea_rt.jar=52329:C:\Users\Admin\AppData\Local\Programs\IntelliJ IDEA Ultimate 2024.1\bin
28-Apr-2024 16:50:32.630 信息 [main] org.apache.catalina.startup.VersionLoggerListener.log 命令行参数：       -Dfile.encoding=UTF-8
28-Apr-2024 16:50:32.630 信息 [main] org.apache.catalina.startup.VersionLoggerListener.log 命令行参数：       -Dsun.stdout.encoding=UTF-8
28-Apr-2024 16:50:32.630 信息 [main] org.apache.catalina.startup.VersionLoggerListener.log 命令行参数：       -Dsun.stderr.encoding=UTF-8
28-Apr-2024 16:50:32.649 信息 [main] org.apache.catalina.core.AprLifecycleListener.lifecycleEvent 使用APR版本[1.7.4]加载了基于APR的Apache Tomcat本机库[1.3.0]。
28-Apr-2024 16:50:32.649 信息 [main] org.apache.catalina.core.AprLifecycleListener.lifecycleEvent APR功能：IPv6[true]、sendfile[true]、accept filters[false]、random[true]、UDS [true]。
28-Apr-2024 16:50:32.649 信息 [main] org.apache.catalina.core.AprLifecycleListener.lifecycleEvent APR/OpenSSL配置：useAprConnector[false]，useOpenSSL[true]
28-Apr-2024 16:50:32.692 信息 [main] org.apache.catalina.core.AprLifecycleListener.initializeSSL OpenSSL成功初始化 [OpenSSL 3.0.13 30 Jan 2024]
28-Apr-2024 16:50:33.586 信息 [main] org.apache.coyote.AbstractProtocol.init 初始化协议处理器 ["http-nio-8080"]
28-Apr-2024 16:50:33.626 信息 [main] org.apache.catalina.startup.Catalina.load 服务器在[1835]毫秒内初始化
28-Apr-2024 16:50:33.750 信息 [main] org.apache.catalina.core.StandardService.startInternal 正在启动服务[Catalina]
28-Apr-2024 16:50:33.750 信息 [main] org.apache.catalina.core.StandardEngine.startInternal 正在启动 Servlet 引擎：[Apache Tomcat/9.0.88]
28-Apr-2024 16:50:33.778 信息 [main] org.apache.catalina.startup.HostConfig.deployDescriptor 正在部署部署描述符[D:\WorkSpace\IdeaProjects\demo2\conf\Catalina\localhost\demo2.xml]。
28-Apr-2024 16:50:34.770 警告 [main] org.apache.tomcat.util.descriptor.web.WebXml.setVersion 未知版本字符串 [5.0]。将使用默认版本。
28-Apr-2024 16:50:41.138 信息 [main] org.apache.jasper.servlet.TldScanner.scanJars 至少有一个JAR被扫描用于TLD但尚未包含TLD。 为此记录器启用调试日志记录，以获取已扫描但未在其中找到TLD的完整JAR列表。 在扫描期间跳过不需要的JAR可以缩短启动时间和JSP编译时间。
28-Apr-2024 16:50:41.272 信息 [main] org.apache.catalina.startup.HostConfig.deployDescriptor 部署描述符[D:\WorkSpace\IdeaProjects\demo2\conf\Catalina\localhost\demo2.xml]的部署已在[7,490]ms内完成
28-Apr-2024 16:50:41.280 信息 [main] org.apache.coyote.AbstractProtocol.start 开始协议处理句柄["http-nio-8080"]
28-Apr-2024 16:50:41.331 信息 [main] org.apache.catalina.startup.Catalina.start [7703]毫秒后服务器启动
28-Apr-2024 16:54:02.522 信息 [Thread-1] org.apache.coyote.AbstractProtocol.pause 暂停ProtocolHandler["http-nio-8080"]
28-Apr-2024 16:54:02.526 信息 [Thread-1] org.apache.catalina.core.StandardService.stopInternal 正在停止服务[Catalina]
28-Apr-2024 16:54:02.670 警告 [Thread-1] org.apache.catalina.loader.WebappClassLoaderBase.clearReferencesJdbc Web应用程序 [demo2] 注册了JDBC驱动程序 [oracle.jdbc.OracleDriver]，但在Web应用程序停止时无法注销它。 为防止内存泄漏，JDBC驱动程序已被强制取消注册。
28-Apr-2024 16:54:02.670 警告 [Thread-1] org.apache.catalina.loader.WebappClassLoaderBase.clearReferencesThreads Web应用程序[demo2]似乎启动了一个名为[Timer-0]的线程，但未能停止它。这很可能会造成内存泄漏。线程的堆栈跟踪：[
 java.base/java.lang.Object.wait0(Native Method)
 java.base/java.lang.Object.wait(Object.java:375)
 java.base/java.lang.Object.wait(Object.java:348)
 java.base/java.util.TimerThread.mainLoop(Timer.java:542)
 java.base/java.util.TimerThread.run(Timer.java:521)]
28-Apr-2024 16:54:02.683 信息 [Thread-1] org.apache.coyote.AbstractProtocol.stop 正在停止ProtocolHandler ["http-nio-8080"]
28-Apr-2024 16:54:02.692 信息 [Thread-1] org.apache.coyote.AbstractProtocol.destroy 正在摧毁协议处理器 ["http-nio-8080"]
28-Apr-2024 16:54:16.617 信息 [main] org.apache.catalina.startup.VersionLoggerListener.log Server.服务器版本: Apache Tomcat/9.0.88
28-Apr-2024 16:54:16.636 信息 [main] org.apache.catalina.startup.VersionLoggerListener.log 服务器构建:        Apr 9 2024 13:22:30 UTC
28-Apr-2024 16:54:16.637 信息 [main] org.apache.catalina.startup.VersionLoggerListener.log 服务器版本号:      9.0.88.0
28-Apr-2024 16:54:16.639 信息 [main] org.apache.catalina.startup.VersionLoggerListener.log 操作系统名称:      Windows 11
28-Apr-2024 16:54:16.640 信息 [main] org.apache.catalina.startup.VersionLoggerListener.log OS.版本:           10.0
28-Apr-2024 16:54:16.640 信息 [main] org.apache.catalina.startup.VersionLoggerListener.log 架构:              amd64
28-Apr-2024 16:54:16.640 信息 [main] org.apache.catalina.startup.VersionLoggerListener.log Java 环境变量:     D:\WorkSpace\JDK\jdk-22.0.1
28-Apr-2024 16:54:16.641 信息 [main] org.apache.catalina.startup.VersionLoggerListener.log Java虚拟机版本:    22.0.1+8-16
28-Apr-2024 16:54:16.641 信息 [main] org.apache.catalina.startup.VersionLoggerListener.log JVM.供应商:        Oracle Corporation
28-Apr-2024 16:54:16.642 信息 [main] org.apache.catalina.startup.VersionLoggerListener.log CATALINA_BASE:     D:\WorkSpace\IdeaProjects\demo2
28-Apr-2024 16:54:16.642 信息 [main] org.apache.catalina.startup.VersionLoggerListener.log CATALINA_HOME:     D:\tomcat\apache-tomcat-9.0.88
28-Apr-2024 16:54:16.690 信息 [main] org.apache.catalina.startup.VersionLoggerListener.log 命令行参数：       --add-opens=java.base/java.lang=ALL-UNNAMED
28-Apr-2024 16:54:16.691 信息 [main] org.apache.catalina.startup.VersionLoggerListener.log 命令行参数：       --add-opens=java.base/java.io=ALL-UNNAMED
28-Apr-2024 16:54:16.691 信息 [main] org.apache.catalina.startup.VersionLoggerListener.log 命令行参数：       --add-opens=java.base/java.util=ALL-UNNAMED
28-Apr-2024 16:54:16.692 信息 [main] org.apache.catalina.startup.VersionLoggerListener.log 命令行参数：       --add-opens=java.base/java.util.concurrent=ALL-UNNAMED
28-Apr-2024 16:54:16.693 信息 [main] org.apache.catalina.startup.VersionLoggerListener.log 命令行参数：       --add-opens=java.rmi/sun.rmi.transport=ALL-UNNAMED
28-Apr-2024 16:54:16.694 信息 [main] org.apache.catalina.startup.VersionLoggerListener.log 命令行参数：       -agentlib:jdwp=transport=dt_socket,address=127.0.0.1:6210,suspend=y,server=n
28-Apr-2024 16:54:16.694 信息 [main] org.apache.catalina.startup.VersionLoggerListener.log 命令行参数：       -Dcatalina.home=D:\tomcat\apache-tomcat-9.0.88
28-Apr-2024 16:54:16.694 信息 [main] org.apache.catalina.startup.VersionLoggerListener.log 命令行参数：       -Dcatalina.base=D:\WorkSpace\IdeaProjects\demo2
28-Apr-2024 16:54:16.696 信息 [main] org.apache.catalina.startup.VersionLoggerListener.log 命令行参数：       -Djava.io.tmpdir=D:\WorkSpace\IdeaProjects\demo2\temp
28-Apr-2024 16:54:16.698 信息 [main] org.apache.catalina.startup.VersionLoggerListener.log 命令行参数：       -Djava.util.logging.config.file=D:\WorkSpace\IdeaProjects\demo2\conf\logging.properties
28-Apr-2024 16:54:16.699 信息 [main] org.apache.catalina.startup.VersionLoggerListener.log 命令行参数：       -Djava.util.logging.manager=org.apache.juli.ClassLoaderLogManager
28-Apr-2024 16:54:16.700 信息 [main] org.apache.catalina.startup.VersionLoggerListener.log 命令行参数：       -javaagent:C:\Users\Admin\AppData\Local\JetBrains\IntelliJIdea2024.1\captureAgent\debugger-agent.jar
28-Apr-2024 16:54:16.700 信息 [main] org.apache.catalina.startup.VersionLoggerListener.log 命令行参数：       -Dfile.encoding=UTF-8
28-Apr-2024 16:54:16.700 信息 [main] org.apache.catalina.startup.VersionLoggerListener.log 命令行参数：       -Dsun.stdout.encoding=UTF-8
28-Apr-2024 16:54:16.701 信息 [main] org.apache.catalina.startup.VersionLoggerListener.log 命令行参数：       -Dsun.stderr.encoding=UTF-8
28-Apr-2024 16:54:16.721 信息 [main] org.apache.catalina.core.AprLifecycleListener.lifecycleEvent 使用APR版本[1.7.4]加载了基于APR的Apache Tomcat本机库[1.3.0]。
28-Apr-2024 16:54:16.721 信息 [main] org.apache.catalina.core.AprLifecycleListener.lifecycleEvent APR功能：IPv6[true]、sendfile[true]、accept filters[false]、random[true]、UDS [true]。
28-Apr-2024 16:54:16.721 信息 [main] org.apache.catalina.core.AprLifecycleListener.lifecycleEvent APR/OpenSSL配置：useAprConnector[false]，useOpenSSL[true]
28-Apr-2024 16:54:16.778 信息 [main] org.apache.catalina.core.AprLifecycleListener.initializeSSL OpenSSL成功初始化 [OpenSSL 3.0.13 30 Jan 2024]
28-Apr-2024 16:54:18.030 信息 [main] org.apache.coyote.AbstractProtocol.init 初始化协议处理器 ["http-nio-8080"]
28-Apr-2024 16:54:18.313 信息 [main] org.apache.catalina.startup.Catalina.load 服务器在[3963]毫秒内初始化
28-Apr-2024 16:54:18.664 信息 [main] org.apache.catalina.core.StandardService.startInternal 正在启动服务[Catalina]
28-Apr-2024 16:54:18.666 信息 [main] org.apache.catalina.core.StandardEngine.startInternal 正在启动 Servlet 引擎：[Apache Tomcat/9.0.88]
28-Apr-2024 16:54:18.738 信息 [main] org.apache.catalina.startup.HostConfig.deployDescriptor 正在部署部署描述符[D:\WorkSpace\IdeaProjects\demo2\conf\Catalina\localhost\demo2.xml]。
28-Apr-2024 16:54:20.331 警告 [main] org.apache.tomcat.util.descriptor.web.WebXml.setVersion 未知版本字符串 [5.0]。将使用默认版本。
28-Apr-2024 16:54:26.839 信息 [main] org.apache.jasper.servlet.TldScanner.scanJars 至少有一个JAR被扫描用于TLD但尚未包含TLD。 为此记录器启用调试日志记录，以获取已扫描但未在其中找到TLD的完整JAR列表。 在扫描期间跳过不需要的JAR可以缩短启动时间和JSP编译时间。
28-Apr-2024 16:54:26.994 信息 [main] org.apache.catalina.startup.HostConfig.deployDescriptor 部署描述符[D:\WorkSpace\IdeaProjects\demo2\conf\Catalina\localhost\demo2.xml]的部署已在[8,252]ms内完成
28-Apr-2024 16:54:27.004 信息 [main] org.apache.coyote.AbstractProtocol.start 开始协议处理句柄["http-nio-8080"]
28-Apr-2024 16:54:27.084 信息 [main] org.apache.catalina.startup.Catalina.start [8761]毫秒后服务器启动
28-Apr-2024 16:55:17.160 信息 [Thread-1] org.apache.coyote.AbstractProtocol.pause 暂停ProtocolHandler["http-nio-8080"]
28-Apr-2024 16:55:17.166 信息 [Thread-1] org.apache.catalina.core.StandardService.stopInternal 正在停止服务[Catalina]
28-Apr-2024 16:55:17.255 警告 [Thread-1] org.apache.catalina.loader.WebappClassLoaderBase.clearReferencesJdbc Web应用程序 [demo2] 注册了JDBC驱动程序 [oracle.jdbc.OracleDriver]，但在Web应用程序停止时无法注销它。 为防止内存泄漏，JDBC驱动程序已被强制取消注册。
28-Apr-2024 16:55:17.256 警告 [Thread-1] org.apache.catalina.loader.WebappClassLoaderBase.clearReferencesThreads Web应用程序[demo2]似乎启动了一个名为[Timer-0]的线程，但未能停止它。这很可能会造成内存泄漏。线程的堆栈跟踪：[
 java.base/java.lang.Object.wait0(Native Method)
 java.base/java.lang.Object.wait(Object.java:375)
 java.base/java.lang.Object.wait(Object.java:348)
 java.base/java.util.TimerThread.mainLoop(Timer.java:542)
 java.base/java.util.TimerThread.run(Timer.java:521)]
28-Apr-2024 16:55:17.269 信息 [Thread-1] org.apache.coyote.AbstractProtocol.stop 正在停止ProtocolHandler ["http-nio-8080"]
28-Apr-2024 16:55:17.282 信息 [Thread-1] org.apache.coyote.AbstractProtocol.destroy 正在摧毁协议处理器 ["http-nio-8080"]
28-Apr-2024 16:55:21.679 信息 [main] org.apache.catalina.startup.VersionLoggerListener.log Server.服务器版本: Apache Tomcat/9.0.88
28-Apr-2024 16:55:21.693 信息 [main] org.apache.catalina.startup.VersionLoggerListener.log 服务器构建:        Apr 9 2024 13:22:30 UTC
28-Apr-2024 16:55:21.694 信息 [main] org.apache.catalina.startup.VersionLoggerListener.log 服务器版本号:      9.0.88.0
28-Apr-2024 16:55:21.694 信息 [main] org.apache.catalina.startup.VersionLoggerListener.log 操作系统名称:      Windows 11
28-Apr-2024 16:55:21.695 信息 [main] org.apache.catalina.startup.VersionLoggerListener.log OS.版本:           10.0
28-Apr-2024 16:55:21.695 信息 [main] org.apache.catalina.startup.VersionLoggerListener.log 架构:              amd64
28-Apr-2024 16:55:21.696 信息 [main] org.apache.catalina.startup.VersionLoggerListener.log Java 环境变量:     D:\WorkSpace\JDK\jdk-22.0.1
28-Apr-2024 16:55:21.696 信息 [main] org.apache.catalina.startup.VersionLoggerListener.log Java虚拟机版本:    22.0.1+8-16
28-Apr-2024 16:55:21.696 信息 [main] org.apache.catalina.startup.VersionLoggerListener.log JVM.供应商:        Oracle Corporation
28-Apr-2024 16:55:21.697 信息 [main] org.apache.catalina.startup.VersionLoggerListener.log CATALINA_BASE:     D:\WorkSpace\IdeaProjects\demo2
28-Apr-2024 16:55:21.698 信息 [main] org.apache.catalina.startup.VersionLoggerListener.log CATALINA_HOME:     D:\tomcat\apache-tomcat-9.0.88
28-Apr-2024 16:55:21.734 信息 [main] org.apache.catalina.startup.VersionLoggerListener.log 命令行参数：       --add-opens=java.base/java.lang=ALL-UNNAMED
28-Apr-2024 16:55:21.734 信息 [main] org.apache.catalina.startup.VersionLoggerListener.log 命令行参数：       --add-opens=java.base/java.io=ALL-UNNAMED
28-Apr-2024 16:55:21.735 信息 [main] org.apache.catalina.startup.VersionLoggerListener.log 命令行参数：       --add-opens=java.base/java.util=ALL-UNNAMED
28-Apr-2024 16:55:21.735 信息 [main] org.apache.catalina.startup.VersionLoggerListener.log 命令行参数：       --add-opens=java.base/java.util.concurrent=ALL-UNNAMED
28-Apr-2024 16:55:21.735 信息 [main] org.apache.catalina.startup.VersionLoggerListener.log 命令行参数：       --add-opens=java.rmi/sun.rmi.transport=ALL-UNNAMED
28-Apr-2024 16:55:21.736 信息 [main] org.apache.catalina.startup.VersionLoggerListener.log 命令行参数：       -agentlib:jdwp=transport=dt_socket,address=127.0.0.1:31462,suspend=y,server=n
28-Apr-2024 16:55:21.736 信息 [main] org.apache.catalina.startup.VersionLoggerListener.log 命令行参数：       -Dcatalina.home=D:\tomcat\apache-tomcat-9.0.88
28-Apr-2024 16:55:21.736 信息 [main] org.apache.catalina.startup.VersionLoggerListener.log 命令行参数：       -Dcatalina.base=D:\WorkSpace\IdeaProjects\demo2
28-Apr-2024 16:55:21.736 信息 [main] org.apache.catalina.startup.VersionLoggerListener.log 命令行参数：       -Djava.io.tmpdir=D:\WorkSpace\IdeaProjects\demo2\temp
28-Apr-2024 16:55:21.737 信息 [main] org.apache.catalina.startup.VersionLoggerListener.log 命令行参数：       -Djava.util.logging.config.file=D:\WorkSpace\IdeaProjects\demo2\conf\logging.properties
28-Apr-2024 16:55:21.737 信息 [main] org.apache.catalina.startup.VersionLoggerListener.log 命令行参数：       -Djava.util.logging.manager=org.apache.juli.ClassLoaderLogManager
28-Apr-2024 16:55:21.737 信息 [main] org.apache.catalina.startup.VersionLoggerListener.log 命令行参数：       -javaagent:C:\Users\Admin\AppData\Local\JetBrains\IntelliJIdea2024.1\captureAgent\debugger-agent.jar
28-Apr-2024 16:55:21.738 信息 [main] org.apache.catalina.startup.VersionLoggerListener.log 命令行参数：       -Dfile.encoding=UTF-8
28-Apr-2024 16:55:21.738 信息 [main] org.apache.catalina.startup.VersionLoggerListener.log 命令行参数：       -Dsun.stdout.encoding=UTF-8
28-Apr-2024 16:55:21.738 信息 [main] org.apache.catalina.startup.VersionLoggerListener.log 命令行参数：       -Dsun.stderr.encoding=UTF-8
28-Apr-2024 16:55:21.752 信息 [main] org.apache.catalina.core.AprLifecycleListener.lifecycleEvent 使用APR版本[1.7.4]加载了基于APR的Apache Tomcat本机库[1.3.0]。
28-Apr-2024 16:55:21.752 信息 [main] org.apache.catalina.core.AprLifecycleListener.lifecycleEvent APR功能：IPv6[true]、sendfile[true]、accept filters[false]、random[true]、UDS [true]。
28-Apr-2024 16:55:21.752 信息 [main] org.apache.catalina.core.AprLifecycleListener.lifecycleEvent APR/OpenSSL配置：useAprConnector[false]，useOpenSSL[true]
28-Apr-2024 16:55:21.779 信息 [main] org.apache.catalina.core.AprLifecycleListener.initializeSSL OpenSSL成功初始化 [OpenSSL 3.0.13 30 Jan 2024]
28-Apr-2024 16:55:22.765 信息 [main] org.apache.coyote.AbstractProtocol.init 初始化协议处理器 ["http-nio-8080"]
28-Apr-2024 16:55:22.831 信息 [main] org.apache.catalina.startup.Catalina.load 服务器在[1905]毫秒内初始化
28-Apr-2024 16:55:22.971 信息 [main] org.apache.catalina.core.StandardService.startInternal 正在启动服务[Catalina]
28-Apr-2024 16:55:22.972 信息 [main] org.apache.catalina.core.StandardEngine.startInternal 正在启动 Servlet 引擎：[Apache Tomcat/9.0.88]
28-Apr-2024 16:55:23.010 信息 [main] org.apache.catalina.startup.HostConfig.deployDescriptor 正在部署部署描述符[D:\WorkSpace\IdeaProjects\demo2\conf\Catalina\localhost\demo2.xml]。
28-Apr-2024 16:55:23.998 警告 [main] org.apache.tomcat.util.descriptor.web.WebXml.setVersion 未知版本字符串 [5.0]。将使用默认版本。
28-Apr-2024 16:55:30.401 信息 [main] org.apache.jasper.servlet.TldScanner.scanJars 至少有一个JAR被扫描用于TLD但尚未包含TLD。 为此记录器启用调试日志记录，以获取已扫描但未在其中找到TLD的完整JAR列表。 在扫描期间跳过不需要的JAR可以缩短启动时间和JSP编译时间。
28-Apr-2024 16:55:30.546 信息 [main] org.apache.catalina.startup.HostConfig.deployDescriptor 部署描述符[D:\WorkSpace\IdeaProjects\demo2\conf\Catalina\localhost\demo2.xml]的部署已在[7,529]ms内完成
28-Apr-2024 16:55:30.558 信息 [main] org.apache.coyote.AbstractProtocol.start 开始协议处理句柄["http-nio-8080"]
28-Apr-2024 16:55:30.627 信息 [main] org.apache.catalina.startup.Catalina.start [7791]毫秒后服务器启动
28-Apr-2024 17:00:55.161 信息 [Thread-1] org.apache.coyote.AbstractProtocol.pause 暂停ProtocolHandler["http-nio-8080"]
28-Apr-2024 17:00:55.175 信息 [Thread-1] org.apache.catalina.core.StandardService.stopInternal 正在停止服务[Catalina]
28-Apr-2024 17:00:55.303 警告 [Thread-1] org.apache.catalina.loader.WebappClassLoaderBase.clearReferencesJdbc Web应用程序 [demo2] 注册了JDBC驱动程序 [oracle.jdbc.OracleDriver]，但在Web应用程序停止时无法注销它。 为防止内存泄漏，JDBC驱动程序已被强制取消注册。
28-Apr-2024 17:00:55.304 警告 [Thread-1] org.apache.catalina.loader.WebappClassLoaderBase.clearReferencesThreads Web应用程序[demo2]似乎启动了一个名为[Timer-0]的线程，但未能停止它。这很可能会造成内存泄漏。线程的堆栈跟踪：[
 java.base/java.lang.Object.wait0(Native Method)
 java.base/java.lang.Object.wait(Object.java:375)
 java.base/java.lang.Object.wait(Object.java:348)
 java.base/java.util.TimerThread.mainLoop(Timer.java:542)
 java.base/java.util.TimerThread.run(Timer.java:521)]
28-Apr-2024 17:00:55.330 信息 [Thread-1] org.apache.coyote.AbstractProtocol.stop 正在停止ProtocolHandler ["http-nio-8080"]
28-Apr-2024 17:00:55.348 信息 [Thread-1] org.apache.coyote.AbstractProtocol.destroy 正在摧毁协议处理器 ["http-nio-8080"]
28-Apr-2024 17:07:23.517 信息 [main] org.apache.catalina.startup.VersionLoggerListener.log Server.服务器版本: Apache Tomcat/9.0.88
28-Apr-2024 17:07:23.530 信息 [main] org.apache.catalina.startup.VersionLoggerListener.log 服务器构建:        Apr 9 2024 13:22:30 UTC
28-Apr-2024 17:07:23.530 信息 [main] org.apache.catalina.startup.VersionLoggerListener.log 服务器版本号:      9.0.88.0
28-Apr-2024 17:07:23.532 信息 [main] org.apache.catalina.startup.VersionLoggerListener.log 操作系统名称:      Windows 11
28-Apr-2024 17:07:23.533 信息 [main] org.apache.catalina.startup.VersionLoggerListener.log OS.版本:           10.0
28-Apr-2024 17:07:23.533 信息 [main] org.apache.catalina.startup.VersionLoggerListener.log 架构:              amd64
28-Apr-2024 17:07:23.534 信息 [main] org.apache.catalina.startup.VersionLoggerListener.log Java 环境变量:     D:\WorkSpace\JDK\jdk-22.0.1
28-Apr-2024 17:07:23.534 信息 [main] org.apache.catalina.startup.VersionLoggerListener.log Java虚拟机版本:    22.0.1+8-16
28-Apr-2024 17:07:23.534 信息 [main] org.apache.catalina.startup.VersionLoggerListener.log JVM.供应商:        Oracle Corporation
28-Apr-2024 17:07:23.535 信息 [main] org.apache.catalina.startup.VersionLoggerListener.log CATALINA_BASE:     D:\WorkSpace\IdeaProjects\demo2
28-Apr-2024 17:07:23.536 信息 [main] org.apache.catalina.startup.VersionLoggerListener.log CATALINA_HOME:     D:\tomcat\apache-tomcat-9.0.88
28-Apr-2024 17:07:23.580 信息 [main] org.apache.catalina.startup.VersionLoggerListener.log 命令行参数：       --add-opens=java.base/java.lang=ALL-UNNAMED
28-Apr-2024 17:07:23.581 信息 [main] org.apache.catalina.startup.VersionLoggerListener.log 命令行参数：       --add-opens=java.base/java.io=ALL-UNNAMED
28-Apr-2024 17:07:23.583 信息 [main] org.apache.catalina.startup.VersionLoggerListener.log 命令行参数：       --add-opens=java.base/java.util=ALL-UNNAMED
28-Apr-2024 17:07:23.585 信息 [main] org.apache.catalina.startup.VersionLoggerListener.log 命令行参数：       --add-opens=java.base/java.util.concurrent=ALL-UNNAMED
28-Apr-2024 17:07:23.588 信息 [main] org.apache.catalina.startup.VersionLoggerListener.log 命令行参数：       --add-opens=java.rmi/sun.rmi.transport=ALL-UNNAMED
28-Apr-2024 17:07:23.588 信息 [main] org.apache.catalina.startup.VersionLoggerListener.log 命令行参数：       -Dcatalina.home=D:\tomcat\apache-tomcat-9.0.88
28-Apr-2024 17:07:23.589 信息 [main] org.apache.catalina.startup.VersionLoggerListener.log 命令行参数：       -Dcatalina.base=D:\WorkSpace\IdeaProjects\demo2
28-Apr-2024 17:07:23.589 信息 [main] org.apache.catalina.startup.VersionLoggerListener.log 命令行参数：       -Djava.io.tmpdir=D:\WorkSpace\IdeaProjects\demo2\temp
28-Apr-2024 17:07:23.589 信息 [main] org.apache.catalina.startup.VersionLoggerListener.log 命令行参数：       -Djava.util.logging.config.file=D:\WorkSpace\IdeaProjects\demo2\conf\logging.properties
28-Apr-2024 17:07:23.590 信息 [main] org.apache.catalina.startup.VersionLoggerListener.log 命令行参数：       -Djava.util.logging.manager=org.apache.juli.ClassLoaderLogManager
28-Apr-2024 17:07:23.592 信息 [main] org.apache.catalina.startup.VersionLoggerListener.log 命令行参数：       -javaagent:C:\Users\Admin\AppData\Local\Programs\IntelliJ IDEA Ultimate 2024.1\lib\idea_rt.jar=31985:C:\Users\Admin\AppData\Local\Programs\IntelliJ IDEA Ultimate 2024.1\bin
28-Apr-2024 17:07:23.592 信息 [main] org.apache.catalina.startup.VersionLoggerListener.log 命令行参数：       -Dfile.encoding=UTF-8
28-Apr-2024 17:07:23.593 信息 [main] org.apache.catalina.startup.VersionLoggerListener.log 命令行参数：       -Dsun.stdout.encoding=UTF-8
28-Apr-2024 17:07:23.596 信息 [main] org.apache.catalina.startup.VersionLoggerListener.log 命令行参数：       -Dsun.stderr.encoding=UTF-8
28-Apr-2024 17:07:23.616 信息 [main] org.apache.catalina.core.AprLifecycleListener.lifecycleEvent 使用APR版本[1.7.4]加载了基于APR的Apache Tomcat本机库[1.3.0]。
28-Apr-2024 17:07:23.616 信息 [main] org.apache.catalina.core.AprLifecycleListener.lifecycleEvent APR功能：IPv6[true]、sendfile[true]、accept filters[false]、random[true]、UDS [true]。
28-Apr-2024 17:07:23.617 信息 [main] org.apache.catalina.core.AprLifecycleListener.lifecycleEvent APR/OpenSSL配置：useAprConnector[false]，useOpenSSL[true]
28-Apr-2024 17:07:23.667 信息 [main] org.apache.catalina.core.AprLifecycleListener.initializeSSL OpenSSL成功初始化 [OpenSSL 3.0.13 30 Jan 2024]
28-Apr-2024 17:07:24.495 信息 [main] org.apache.coyote.AbstractProtocol.init 初始化协议处理器 ["http-nio-8080"]
28-Apr-2024 17:07:24.562 信息 [main] org.apache.catalina.startup.Catalina.load 服务器在[1714]毫秒内初始化
28-Apr-2024 17:07:24.703 信息 [main] org.apache.catalina.core.StandardService.startInternal 正在启动服务[Catalina]
28-Apr-2024 17:07:24.705 信息 [main] org.apache.catalina.core.StandardEngine.startInternal 正在启动 Servlet 引擎：[Apache Tomcat/9.0.88]
28-Apr-2024 17:07:24.735 信息 [main] org.apache.catalina.startup.HostConfig.deployDescriptor 正在部署部署描述符[D:\WorkSpace\IdeaProjects\demo2\conf\Catalina\localhost\demo2.xml]。
28-Apr-2024 17:07:25.800 警告 [main] org.apache.tomcat.util.descriptor.web.WebXml.setVersion 未知版本字符串 [5.0]。将使用默认版本。
28-Apr-2024 17:07:32.225 信息 [main] org.apache.jasper.servlet.TldScanner.scanJars 至少有一个JAR被扫描用于TLD但尚未包含TLD。 为此记录器启用调试日志记录，以获取已扫描但未在其中找到TLD的完整JAR列表。 在扫描期间跳过不需要的JAR可以缩短启动时间和JSP编译时间。
28-Apr-2024 17:07:32.372 信息 [main] org.apache.catalina.startup.HostConfig.deployDescriptor 部署描述符[D:\WorkSpace\IdeaProjects\demo2\conf\Catalina\localhost\demo2.xml]的部署已在[7,632]ms内完成
28-Apr-2024 17:07:32.381 信息 [main] org.apache.coyote.AbstractProtocol.start 开始协议处理句柄["http-nio-8080"]
28-Apr-2024 17:07:32.440 信息 [main] org.apache.catalina.startup.Catalina.start [7875]毫秒后服务器启动
28-Apr-2024 17:11:30.607 信息 [Thread-1] org.apache.coyote.AbstractProtocol.pause 暂停ProtocolHandler["http-nio-8080"]
28-Apr-2024 17:11:30.609 信息 [Thread-1] org.apache.catalina.core.StandardService.stopInternal 正在停止服务[Catalina]
28-Apr-2024 17:11:30.706 警告 [Thread-1] org.apache.catalina.loader.WebappClassLoaderBase.clearReferencesJdbc Web应用程序 [demo2] 注册了JDBC驱动程序 [oracle.jdbc.OracleDriver]，但在Web应用程序停止时无法注销它。 为防止内存泄漏，JDBC驱动程序已被强制取消注册。
28-Apr-2024 17:11:30.707 警告 [Thread-1] org.apache.catalina.loader.WebappClassLoaderBase.clearReferencesThreads Web应用程序[demo2]似乎启动了一个名为[Timer-0]的线程，但未能停止它。这很可能会造成内存泄漏。线程的堆栈跟踪：[
 java.base/java.lang.Object.wait0(Native Method)
 java.base/java.lang.Object.wait(Object.java:375)
 java.base/java.lang.Object.wait(Object.java:348)
 java.base/java.util.TimerThread.mainLoop(Timer.java:542)
 java.base/java.util.TimerThread.run(Timer.java:521)]
28-Apr-2024 17:11:30.717 信息 [Thread-1] org.apache.coyote.AbstractProtocol.stop 正在停止ProtocolHandler ["http-nio-8080"]
28-Apr-2024 17:11:30.735 信息 [Thread-1] org.apache.coyote.AbstractProtocol.destroy 正在摧毁协议处理器 ["http-nio-8080"]
28-Apr-2024 17:24:36.360 信息 [main] org.apache.catalina.startup.VersionLoggerListener.log Server.服务器版本: Apache Tomcat/9.0.88
28-Apr-2024 17:24:36.371 信息 [main] org.apache.catalina.startup.VersionLoggerListener.log 服务器构建:        Apr 9 2024 13:22:30 UTC
28-Apr-2024 17:24:36.372 信息 [main] org.apache.catalina.startup.VersionLoggerListener.log 服务器版本号:      9.0.88.0
28-Apr-2024 17:24:36.372 信息 [main] org.apache.catalina.startup.VersionLoggerListener.log 操作系统名称:      Windows 11
28-Apr-2024 17:24:36.373 信息 [main] org.apache.catalina.startup.VersionLoggerListener.log OS.版本:           10.0
28-Apr-2024 17:24:36.373 信息 [main] org.apache.catalina.startup.VersionLoggerListener.log 架构:              amd64
28-Apr-2024 17:24:36.374 信息 [main] org.apache.catalina.startup.VersionLoggerListener.log Java 环境变量:     D:\WorkSpace\JDK\jdk-22.0.1
28-Apr-2024 17:24:36.374 信息 [main] org.apache.catalina.startup.VersionLoggerListener.log Java虚拟机版本:    22.0.1+8-16
28-Apr-2024 17:24:36.375 信息 [main] org.apache.catalina.startup.VersionLoggerListener.log JVM.供应商:        Oracle Corporation
28-Apr-2024 17:24:36.375 信息 [main] org.apache.catalina.startup.VersionLoggerListener.log CATALINA_BASE:     D:\WorkSpace\IdeaProjects\demo2
28-Apr-2024 17:24:36.375 信息 [main] org.apache.catalina.startup.VersionLoggerListener.log CATALINA_HOME:     D:\tomcat\apache-tomcat-9.0.88
28-Apr-2024 17:24:36.394 信息 [main] org.apache.catalina.startup.VersionLoggerListener.log 命令行参数：       --add-opens=java.base/java.lang=ALL-UNNAMED
28-Apr-2024 17:24:36.395 信息 [main] org.apache.catalina.startup.VersionLoggerListener.log 命令行参数：       --add-opens=java.base/java.io=ALL-UNNAMED
28-Apr-2024 17:24:36.395 信息 [main] org.apache.catalina.startup.VersionLoggerListener.log 命令行参数：       --add-opens=java.base/java.util=ALL-UNNAMED
28-Apr-2024 17:24:36.395 信息 [main] org.apache.catalina.startup.VersionLoggerListener.log 命令行参数：       --add-opens=java.base/java.util.concurrent=ALL-UNNAMED
28-Apr-2024 17:24:36.396 信息 [main] org.apache.catalina.startup.VersionLoggerListener.log 命令行参数：       --add-opens=java.rmi/sun.rmi.transport=ALL-UNNAMED
28-Apr-2024 17:24:36.396 信息 [main] org.apache.catalina.startup.VersionLoggerListener.log 命令行参数：       -Dcatalina.home=D:\tomcat\apache-tomcat-9.0.88
28-Apr-2024 17:24:36.396 信息 [main] org.apache.catalina.startup.VersionLoggerListener.log 命令行参数：       -Dcatalina.base=D:\WorkSpace\IdeaProjects\demo2
28-Apr-2024 17:24:36.396 信息 [main] org.apache.catalina.startup.VersionLoggerListener.log 命令行参数：       -Djava.io.tmpdir=D:\WorkSpace\IdeaProjects\demo2\temp
28-Apr-2024 17:24:36.396 信息 [main] org.apache.catalina.startup.VersionLoggerListener.log 命令行参数：       -Djava.util.logging.config.file=D:\WorkSpace\IdeaProjects\demo2\conf\logging.properties
28-Apr-2024 17:24:36.397 信息 [main] org.apache.catalina.startup.VersionLoggerListener.log 命令行参数：       -Djava.util.logging.manager=org.apache.juli.ClassLoaderLogManager
28-Apr-2024 17:24:36.397 信息 [main] org.apache.catalina.startup.VersionLoggerListener.log 命令行参数：       -javaagent:C:\Users\Admin\AppData\Local\Programs\IntelliJ IDEA Ultimate 2024.1\lib\idea_rt.jar=41915:C:\Users\Admin\AppData\Local\Programs\IntelliJ IDEA Ultimate 2024.1\bin
28-Apr-2024 17:24:36.397 信息 [main] org.apache.catalina.startup.VersionLoggerListener.log 命令行参数：       -Dfile.encoding=UTF-8
28-Apr-2024 17:24:36.398 信息 [main] org.apache.catalina.startup.VersionLoggerListener.log 命令行参数：       -Dsun.stdout.encoding=UTF-8
28-Apr-2024 17:24:36.398 信息 [main] org.apache.catalina.startup.VersionLoggerListener.log 命令行参数：       -Dsun.stderr.encoding=UTF-8
28-Apr-2024 17:24:36.414 信息 [main] org.apache.catalina.core.AprLifecycleListener.lifecycleEvent 使用APR版本[1.7.4]加载了基于APR的Apache Tomcat本机库[1.3.0]。
28-Apr-2024 17:24:36.415 信息 [main] org.apache.catalina.core.AprLifecycleListener.lifecycleEvent APR功能：IPv6[true]、sendfile[true]、accept filters[false]、random[true]、UDS [true]。
28-Apr-2024 17:24:36.415 信息 [main] org.apache.catalina.core.AprLifecycleListener.lifecycleEvent APR/OpenSSL配置：useAprConnector[false]，useOpenSSL[true]
28-Apr-2024 17:24:36.461 信息 [main] org.apache.catalina.core.AprLifecycleListener.initializeSSL OpenSSL成功初始化 [OpenSSL 3.0.13 30 Jan 2024]
28-Apr-2024 17:24:37.651 信息 [main] org.apache.coyote.AbstractProtocol.init 初始化协议处理器 ["http-nio-8080"]
28-Apr-2024 17:24:37.716 信息 [main] org.apache.catalina.startup.Catalina.load 服务器在[2137]毫秒内初始化
28-Apr-2024 17:24:37.969 信息 [main] org.apache.catalina.core.StandardService.startInternal 正在启动服务[Catalina]
28-Apr-2024 17:24:37.970 信息 [main] org.apache.catalina.core.StandardEngine.startInternal 正在启动 Servlet 引擎：[Apache Tomcat/9.0.88]
28-Apr-2024 17:24:38.030 信息 [main] org.apache.catalina.startup.HostConfig.deployDescriptor 正在部署部署描述符[D:\WorkSpace\IdeaProjects\demo2\conf\Catalina\localhost\demo2.xml]。
28-Apr-2024 17:24:39.370 警告 [main] org.apache.tomcat.util.descriptor.web.WebXml.setVersion 未知版本字符串 [5.0]。将使用默认版本。
28-Apr-2024 17:24:48.964 信息 [main] org.apache.jasper.servlet.TldScanner.scanJars 至少有一个JAR被扫描用于TLD但尚未包含TLD。 为此记录器启用调试日志记录，以获取已扫描但未在其中找到TLD的完整JAR列表。 在扫描期间跳过不需要的JAR可以缩短启动时间和JSP编译时间。
28-Apr-2024 17:24:49.189 信息 [main] org.apache.catalina.startup.HostConfig.deployDescriptor 部署描述符[D:\WorkSpace\IdeaProjects\demo2\conf\Catalina\localhost\demo2.xml]的部署已在[11,154]ms内完成
28-Apr-2024 17:24:49.214 信息 [main] org.apache.coyote.AbstractProtocol.start 开始协议处理句柄["http-nio-8080"]
28-Apr-2024 17:24:49.307 信息 [main] org.apache.catalina.startup.Catalina.start [11585]毫秒后服务器启动
28-Apr-2024 17:44:44.366 信息 [Thread-1] org.apache.coyote.AbstractProtocol.pause 暂停ProtocolHandler["http-nio-8080"]
28-Apr-2024 17:44:44.399 信息 [Thread-1] org.apache.catalina.core.StandardService.stopInternal 正在停止服务[Catalina]
28-Apr-2024 17:44:44.903 警告 [Thread-1] org.apache.catalina.loader.WebappClassLoaderBase.clearReferencesJdbc Web应用程序 [demo2] 注册了JDBC驱动程序 [oracle.jdbc.OracleDriver]，但在Web应用程序停止时无法注销它。 为防止内存泄漏，JDBC驱动程序已被强制取消注册。
28-Apr-2024 17:44:44.907 警告 [Thread-1] org.apache.catalina.loader.WebappClassLoaderBase.clearReferencesThreads Web应用程序[demo2]似乎启动了一个名为[Timer-0]的线程，但未能停止它。这很可能会造成内存泄漏。线程的堆栈跟踪：[
 java.base/java.lang.Object.wait0(Native Method)
 java.base/java.lang.Object.wait(Object.java:375)
 java.base/java.lang.Object.wait(Object.java:348)
 java.base/java.util.TimerThread.mainLoop(Timer.java:542)
 java.base/java.util.TimerThread.run(Timer.java:521)]
28-Apr-2024 17:44:44.961 信息 [Thread-1] org.apache.coyote.AbstractProtocol.stop 正在停止ProtocolHandler ["http-nio-8080"]
28-Apr-2024 17:44:44.991 信息 [Thread-1] org.apache.coyote.AbstractProtocol.destroy 正在摧毁协议处理器 ["http-nio-8080"]
28-Apr-2024 18:00:59.850 信息 [main] org.apache.catalina.startup.VersionLoggerListener.log Server.服务器版本: Apache Tomcat/9.0.88
28-Apr-2024 18:00:59.863 信息 [main] org.apache.catalina.startup.VersionLoggerListener.log 服务器构建:        Apr 9 2024 13:22:30 UTC
28-Apr-2024 18:00:59.863 信息 [main] org.apache.catalina.startup.VersionLoggerListener.log 服务器版本号:      9.0.88.0
28-Apr-2024 18:00:59.864 信息 [main] org.apache.catalina.startup.VersionLoggerListener.log 操作系统名称:      Windows 11
28-Apr-2024 18:00:59.865 信息 [main] org.apache.catalina.startup.VersionLoggerListener.log OS.版本:           10.0
28-Apr-2024 18:00:59.865 信息 [main] org.apache.catalina.startup.VersionLoggerListener.log 架构:              amd64
28-Apr-2024 18:00:59.866 信息 [main] org.apache.catalina.startup.VersionLoggerListener.log Java 环境变量:     D:\WorkSpace\JDK\jdk-22.0.1
28-Apr-2024 18:00:59.867 信息 [main] org.apache.catalina.startup.VersionLoggerListener.log Java虚拟机版本:    22.0.1+8-16
28-Apr-2024 18:00:59.867 信息 [main] org.apache.catalina.startup.VersionLoggerListener.log JVM.供应商:        Oracle Corporation
28-Apr-2024 18:00:59.867 信息 [main] org.apache.catalina.startup.VersionLoggerListener.log CATALINA_BASE:     D:\WorkSpace\IdeaProjects\demo2
28-Apr-2024 18:00:59.868 信息 [main] org.apache.catalina.startup.VersionLoggerListener.log CATALINA_HOME:     D:\tomcat\apache-tomcat-9.0.88
28-Apr-2024 18:00:59.903 信息 [main] org.apache.catalina.startup.VersionLoggerListener.log 命令行参数：       --add-opens=java.base/java.lang=ALL-UNNAMED
28-Apr-2024 18:00:59.905 信息 [main] org.apache.catalina.startup.VersionLoggerListener.log 命令行参数：       --add-opens=java.base/java.io=ALL-UNNAMED
28-Apr-2024 18:00:59.905 信息 [main] org.apache.catalina.startup.VersionLoggerListener.log 命令行参数：       --add-opens=java.base/java.util=ALL-UNNAMED
28-Apr-2024 18:00:59.906 信息 [main] org.apache.catalina.startup.VersionLoggerListener.log 命令行参数：       --add-opens=java.base/java.util.concurrent=ALL-UNNAMED
28-Apr-2024 18:00:59.906 信息 [main] org.apache.catalina.startup.VersionLoggerListener.log 命令行参数：       --add-opens=java.rmi/sun.rmi.transport=ALL-UNNAMED
28-Apr-2024 18:00:59.906 信息 [main] org.apache.catalina.startup.VersionLoggerListener.log 命令行参数：       -Dcatalina.home=D:\tomcat\apache-tomcat-9.0.88
28-Apr-2024 18:00:59.907 信息 [main] org.apache.catalina.startup.VersionLoggerListener.log 命令行参数：       -Dcatalina.base=D:\WorkSpace\IdeaProjects\demo2
28-Apr-2024 18:00:59.907 信息 [main] org.apache.catalina.startup.VersionLoggerListener.log 命令行参数：       -Djava.io.tmpdir=D:\WorkSpace\IdeaProjects\demo2\temp
28-Apr-2024 18:00:59.907 信息 [main] org.apache.catalina.startup.VersionLoggerListener.log 命令行参数：       -Djava.util.logging.config.file=D:\WorkSpace\IdeaProjects\demo2\conf\logging.properties
28-Apr-2024 18:00:59.908 信息 [main] org.apache.catalina.startup.VersionLoggerListener.log 命令行参数：       -Djava.util.logging.manager=org.apache.juli.ClassLoaderLogManager
28-Apr-2024 18:00:59.908 信息 [main] org.apache.catalina.startup.VersionLoggerListener.log 命令行参数：       -javaagent:C:\Users\Admin\AppData\Local\Programs\IntelliJ IDEA Ultimate 2024.1\lib\idea_rt.jar=58214:C:\Users\Admin\AppData\Local\Programs\IntelliJ IDEA Ultimate 2024.1\bin
28-Apr-2024 18:00:59.908 信息 [main] org.apache.catalina.startup.VersionLoggerListener.log 命令行参数：       -Dfile.encoding=UTF-8
28-Apr-2024 18:00:59.908 信息 [main] org.apache.catalina.startup.VersionLoggerListener.log 命令行参数：       -Dsun.stdout.encoding=UTF-8
28-Apr-2024 18:00:59.909 信息 [main] org.apache.catalina.startup.VersionLoggerListener.log 命令行参数：       -Dsun.stderr.encoding=UTF-8
28-Apr-2024 18:00:59.928 信息 [main] org.apache.catalina.core.AprLifecycleListener.lifecycleEvent 使用APR版本[1.7.4]加载了基于APR的Apache Tomcat本机库[1.3.0]。
28-Apr-2024 18:00:59.929 信息 [main] org.apache.catalina.core.AprLifecycleListener.lifecycleEvent APR功能：IPv6[true]、sendfile[true]、accept filters[false]、random[true]、UDS [true]。
28-Apr-2024 18:00:59.929 信息 [main] org.apache.catalina.core.AprLifecycleListener.lifecycleEvent APR/OpenSSL配置：useAprConnector[false]，useOpenSSL[true]
28-Apr-2024 18:00:59.982 信息 [main] org.apache.catalina.core.AprLifecycleListener.initializeSSL OpenSSL成功初始化 [OpenSSL 3.0.13 30 Jan 2024]
28-Apr-2024 18:01:01.592 信息 [main] org.apache.coyote.AbstractProtocol.init 初始化协议处理器 ["http-nio-8080"]
28-Apr-2024 18:01:01.691 信息 [main] org.apache.catalina.startup.Catalina.load 服务器在[2889]毫秒内初始化
28-Apr-2024 18:01:01.851 信息 [main] org.apache.catalina.core.StandardService.startInternal 正在启动服务[Catalina]
28-Apr-2024 18:01:01.852 信息 [main] org.apache.catalina.core.StandardEngine.startInternal 正在启动 Servlet 引擎：[Apache Tomcat/9.0.88]
28-Apr-2024 18:01:01.885 信息 [main] org.apache.catalina.startup.HostConfig.deployDescriptor 正在部署部署描述符[D:\WorkSpace\IdeaProjects\demo2\conf\Catalina\localhost\demo2.xml]。
28-Apr-2024 18:01:03.127 警告 [main] org.apache.tomcat.util.descriptor.web.WebXml.setVersion 未知版本字符串 [5.0]。将使用默认版本。
28-Apr-2024 18:01:11.525 信息 [main] org.apache.jasper.servlet.TldScanner.scanJars 至少有一个JAR被扫描用于TLD但尚未包含TLD。 为此记录器启用调试日志记录，以获取已扫描但未在其中找到TLD的完整JAR列表。 在扫描期间跳过不需要的JAR可以缩短启动时间和JSP编译时间。
28-Apr-2024 18:01:11.823 信息 [main] org.apache.catalina.startup.HostConfig.deployDescriptor 部署描述符[D:\WorkSpace\IdeaProjects\demo2\conf\Catalina\localhost\demo2.xml]的部署已在[9,921]ms内完成
28-Apr-2024 18:01:11.847 信息 [main] org.apache.coyote.AbstractProtocol.start 开始协议处理句柄["http-nio-8080"]
28-Apr-2024 18:01:12.092 信息 [main] org.apache.catalina.startup.Catalina.start [10391]毫秒后服务器启动
28-Apr-2024 18:01:16.858 信息 [Thread-1] org.apache.coyote.AbstractProtocol.pause 暂停ProtocolHandler["http-nio-8080"]
28-Apr-2024 18:01:16.863 信息 [Thread-1] org.apache.catalina.core.StandardService.stopInternal 正在停止服务[Catalina]
28-Apr-2024 18:01:16.886 信息 [Thread-1] org.apache.coyote.AbstractProtocol.stop 正在停止ProtocolHandler ["http-nio-8080"]
28-Apr-2024 18:01:16.894 信息 [Thread-1] org.apache.coyote.AbstractProtocol.destroy 正在摧毁协议处理器 ["http-nio-8080"]
