13-May-2024 16:16:25.235 信息 [main] org.apache.catalina.startup.VersionLoggerListener.log Server.服务器版本: Apache Tomcat/9.0.88
13-May-2024 16:16:25.241 信息 [main] org.apache.catalina.startup.VersionLoggerListener.log 服务器构建:        Apr 9 2024 13:22:30 UTC
13-May-2024 16:16:25.241 信息 [main] org.apache.catalina.startup.VersionLoggerListener.log 服务器版本号:      9.0.88.0
13-May-2024 16:16:25.242 信息 [main] org.apache.catalina.startup.VersionLoggerListener.log 操作系统名称:      Windows 11
13-May-2024 16:16:25.242 信息 [main] org.apache.catalina.startup.VersionLoggerListener.log OS.版本:           10.0
13-May-2024 16:16:25.242 信息 [main] org.apache.catalina.startup.VersionLoggerListener.log 架构:              amd64
13-May-2024 16:16:25.242 信息 [main] org.apache.catalina.startup.VersionLoggerListener.log Java 环境变量:     D:\JAVA\JDK\jdk-22.0.1
13-May-2024 16:16:25.242 信息 [main] org.apache.catalina.startup.VersionLoggerListener.log Java虚拟机版本:    22.0.1+8-16
13-May-2024 16:16:25.243 信息 [main] org.apache.catalina.startup.VersionLoggerListener.log JVM.供应商:        Oracle Corporation
13-May-2024 16:16:25.243 信息 [main] org.apache.catalina.startup.VersionLoggerListener.log CATALINA_BASE:     D:\whWorkSpace\archiveSystem
13-May-2024 16:16:25.243 信息 [main] org.apache.catalina.startup.VersionLoggerListener.log CATALINA_HOME:     D:\tomcat\apache-tomcat-9.0.88
13-May-2024 16:16:25.257 信息 [main] org.apache.catalina.startup.VersionLoggerListener.log 命令行参数：       --add-opens=java.base/java.lang=ALL-UNNAMED
13-May-2024 16:16:25.257 信息 [main] org.apache.catalina.startup.VersionLoggerListener.log 命令行参数：       --add-opens=java.base/java.io=ALL-UNNAMED
13-May-2024 16:16:25.257 信息 [main] org.apache.catalina.startup.VersionLoggerListener.log 命令行参数：       --add-opens=java.base/java.util=ALL-UNNAMED
13-May-2024 16:16:25.258 信息 [main] org.apache.catalina.startup.VersionLoggerListener.log 命令行参数：       --add-opens=java.base/java.util.concurrent=ALL-UNNAMED
13-May-2024 16:16:25.258 信息 [main] org.apache.catalina.startup.VersionLoggerListener.log 命令行参数：       --add-opens=java.rmi/sun.rmi.transport=ALL-UNNAMED
13-May-2024 16:16:25.258 信息 [main] org.apache.catalina.startup.VersionLoggerListener.log 命令行参数：       -Dcatalina.home=D:\..\tomcat\apache-tomcat-9.0.88
13-May-2024 16:16:25.258 信息 [main] org.apache.catalina.startup.VersionLoggerListener.log 命令行参数：       -Dcatalina.base=D:\whWorkSpace\archiveSystem
13-May-2024 16:16:25.258 信息 [main] org.apache.catalina.startup.VersionLoggerListener.log 命令行参数：       -Djava.io.tmpdir=D:\whWorkSpace\archiveSystem\temp
13-May-2024 16:16:25.258 信息 [main] org.apache.catalina.startup.VersionLoggerListener.log 命令行参数：       -Djava.util.logging.config.file=D:\whWorkSpace\archiveSystem\conf\logging.properties
13-May-2024 16:16:25.259 信息 [main] org.apache.catalina.startup.VersionLoggerListener.log 命令行参数：       -Djava.util.logging.manager=org.apache.juli.ClassLoaderLogManager
13-May-2024 16:16:25.259 信息 [main] org.apache.catalina.startup.VersionLoggerListener.log 命令行参数：       -javaagent:C:\Users\Admin\AppData\Local\Programs\IntelliJ IDEA Ultimate 2024.1\lib\idea_rt.jar=35639:C:\Users\Admin\AppData\Local\Programs\IntelliJ IDEA Ultimate 2024.1\bin
13-May-2024 16:16:25.259 信息 [main] org.apache.catalina.startup.VersionLoggerListener.log 命令行参数：       -Dfile.encoding=UTF-8
13-May-2024 16:16:25.259 信息 [main] org.apache.catalina.startup.VersionLoggerListener.log 命令行参数：       -Dsun.stdout.encoding=UTF-8
13-May-2024 16:16:25.259 信息 [main] org.apache.catalina.startup.VersionLoggerListener.log 命令行参数：       -Dsun.stderr.encoding=UTF-8
13-May-2024 16:16:25.320 信息 [main] org.apache.catalina.core.AprLifecycleListener.lifecycleEvent 使用APR版本[1.7.4]加载了基于APR的Apache Tomcat本机库[1.3.0]。
13-May-2024 16:16:25.320 信息 [main] org.apache.catalina.core.AprLifecycleListener.lifecycleEvent APR功能：IPv6[true]、sendfile[true]、accept filters[false]、random[true]、UDS [true]。
13-May-2024 16:16:25.320 信息 [main] org.apache.catalina.core.AprLifecycleListener.lifecycleEvent APR/OpenSSL配置：useAprConnector[false]，useOpenSSL[true]
13-May-2024 16:16:25.352 信息 [main] org.apache.catalina.core.AprLifecycleListener.initializeSSL OpenSSL成功初始化 [OpenSSL 3.0.13 30 Jan 2024]
13-May-2024 16:16:25.979 信息 [main] org.apache.coyote.AbstractProtocol.init 初始化协议处理器 ["http-nio-8080"]
13-May-2024 16:16:26.013 信息 [main] org.apache.catalina.startup.Catalina.load 服务器在[1235]毫秒内初始化
13-May-2024 16:16:26.109 信息 [main] org.apache.catalina.core.StandardService.startInternal 正在启动服务[Catalina]
13-May-2024 16:16:26.109 信息 [main] org.apache.catalina.core.StandardEngine.startInternal 正在启动 Servlet 引擎：[Apache Tomcat/9.0.88]
13-May-2024 16:16:26.131 信息 [main] org.apache.catalina.startup.HostConfig.deployDescriptor 正在部署部署描述符[D:\whWorkSpace\archiveSystem\conf\Catalina\localhost\archiveSystem.xml]。
13-May-2024 16:16:26.165 警告 [main] org.apache.catalina.core.StandardContext.setPath 上下文路径必须是空字符串或以'/'开头，而不能以'/'结尾。路径[/]不符合这些条件，已更改为[]
13-May-2024 16:16:26.170 警告 [main] org.apache.catalina.startup.HostConfig.deployDescriptor 部署描述符[D:\whWorkSpace\archiveSystem\conf\Catalina\localhost\archiveSystem.xml]中值为[]的路径属性已被忽略
13-May-2024 16:16:27.023 警告 [main] org.apache.tomcat.util.descriptor.web.WebXml.setVersion 未知版本字符串 [5.0]。将使用默认版本。
13-May-2024 16:16:34.128 信息 [main] org.apache.jasper.servlet.TldScanner.scanJars 至少有一个JAR被扫描用于TLD但尚未包含TLD。 为此记录器启用调试日志记录，以获取已扫描但未在其中找到TLD的完整JAR列表。 在扫描期间跳过不需要的JAR可以缩短启动时间和JSP编译时间。
13-May-2024 16:16:34.269 信息 [main] org.apache.catalina.startup.HostConfig.deployDescriptor 部署描述符[D:\whWorkSpace\archiveSystem\conf\Catalina\localhost\archiveSystem.xml]的部署已在[8,133]ms内完成
13-May-2024 16:16:34.277 信息 [main] org.apache.coyote.AbstractProtocol.start 开始协议处理句柄["http-nio-8080"]
13-May-2024 16:16:34.312 信息 [main] org.apache.catalina.startup.Catalina.start [8296]毫秒后服务器启动
13-May-2024 16:45:50.860 信息 [Thread-1] org.apache.coyote.AbstractProtocol.pause 暂停ProtocolHandler["http-nio-8080"]
13-May-2024 16:45:50.865 信息 [Thread-1] org.apache.catalina.core.StandardService.stopInternal 正在停止服务[Catalina]
13-May-2024 16:45:50.897 信息 [Thread-1] org.apache.coyote.AbstractProtocol.stop 正在停止ProtocolHandler ["http-nio-8080"]
13-May-2024 16:45:50.905 信息 [Thread-1] org.apache.coyote.AbstractProtocol.destroy 正在摧毁协议处理器 ["http-nio-8080"]
13-May-2024 16:46:02.850 信息 [main] org.apache.catalina.startup.VersionLoggerListener.log Server.服务器版本: Apache Tomcat/9.0.88
13-May-2024 16:46:02.858 信息 [main] org.apache.catalina.startup.VersionLoggerListener.log 服务器构建:        Apr 9 2024 13:22:30 UTC
13-May-2024 16:46:02.859 信息 [main] org.apache.catalina.startup.VersionLoggerListener.log 服务器版本号:      9.0.88.0
13-May-2024 16:46:02.860 信息 [main] org.apache.catalina.startup.VersionLoggerListener.log 操作系统名称:      Windows 11
13-May-2024 16:46:02.860 信息 [main] org.apache.catalina.startup.VersionLoggerListener.log OS.版本:           10.0
13-May-2024 16:46:02.860 信息 [main] org.apache.catalina.startup.VersionLoggerListener.log 架构:              amd64
13-May-2024 16:46:02.861 信息 [main] org.apache.catalina.startup.VersionLoggerListener.log Java 环境变量:     D:\JAVA\JDK\jdk-22.0.1
13-May-2024 16:46:02.861 信息 [main] org.apache.catalina.startup.VersionLoggerListener.log Java虚拟机版本:    22.0.1+8-16
13-May-2024 16:46:02.861 信息 [main] org.apache.catalina.startup.VersionLoggerListener.log JVM.供应商:        Oracle Corporation
13-May-2024 16:46:02.862 信息 [main] org.apache.catalina.startup.VersionLoggerListener.log CATALINA_BASE:     D:\whWorkSpace\archiveSystem
13-May-2024 16:46:02.862 信息 [main] org.apache.catalina.startup.VersionLoggerListener.log CATALINA_HOME:     D:\tomcat\apache-tomcat-9.0.88
13-May-2024 16:46:02.884 信息 [main] org.apache.catalina.startup.VersionLoggerListener.log 命令行参数：       --add-opens=java.base/java.lang=ALL-UNNAMED
13-May-2024 16:46:02.885 信息 [main] org.apache.catalina.startup.VersionLoggerListener.log 命令行参数：       --add-opens=java.base/java.io=ALL-UNNAMED
13-May-2024 16:46:02.886 信息 [main] org.apache.catalina.startup.VersionLoggerListener.log 命令行参数：       --add-opens=java.base/java.util=ALL-UNNAMED
13-May-2024 16:46:02.886 信息 [main] org.apache.catalina.startup.VersionLoggerListener.log 命令行参数：       --add-opens=java.base/java.util.concurrent=ALL-UNNAMED
13-May-2024 16:46:02.886 信息 [main] org.apache.catalina.startup.VersionLoggerListener.log 命令行参数：       --add-opens=java.rmi/sun.rmi.transport=ALL-UNNAMED
13-May-2024 16:46:02.887 信息 [main] org.apache.catalina.startup.VersionLoggerListener.log 命令行参数：       -Dcatalina.home=D:\..\tomcat\apache-tomcat-9.0.88
13-May-2024 16:46:02.887 信息 [main] org.apache.catalina.startup.VersionLoggerListener.log 命令行参数：       -Dcatalina.base=D:\whWorkSpace\archiveSystem
13-May-2024 16:46:02.888 信息 [main] org.apache.catalina.startup.VersionLoggerListener.log 命令行参数：       -Djava.io.tmpdir=D:\whWorkSpace\archiveSystem\temp
13-May-2024 16:46:02.888 信息 [main] org.apache.catalina.startup.VersionLoggerListener.log 命令行参数：       -Djava.util.logging.config.file=D:\whWorkSpace\archiveSystem\conf\logging.properties
13-May-2024 16:46:02.889 信息 [main] org.apache.catalina.startup.VersionLoggerListener.log 命令行参数：       -Djava.util.logging.manager=org.apache.juli.ClassLoaderLogManager
13-May-2024 16:46:02.889 信息 [main] org.apache.catalina.startup.VersionLoggerListener.log 命令行参数：       -javaagent:C:\Users\Admin\AppData\Local\Programs\IntelliJ IDEA Ultimate 2024.1\lib\idea_rt.jar=44180:C:\Users\Admin\AppData\Local\Programs\IntelliJ IDEA Ultimate 2024.1\bin
13-May-2024 16:46:02.890 信息 [main] org.apache.catalina.startup.VersionLoggerListener.log 命令行参数：       -Dfile.encoding=UTF-8
13-May-2024 16:46:02.891 信息 [main] org.apache.catalina.startup.VersionLoggerListener.log 命令行参数：       -Dsun.stdout.encoding=UTF-8
13-May-2024 16:46:02.892 信息 [main] org.apache.catalina.startup.VersionLoggerListener.log 命令行参数：       -Dsun.stderr.encoding=UTF-8
13-May-2024 16:46:02.905 信息 [main] org.apache.catalina.core.AprLifecycleListener.lifecycleEvent 使用APR版本[1.7.4]加载了基于APR的Apache Tomcat本机库[1.3.0]。
13-May-2024 16:46:02.905 信息 [main] org.apache.catalina.core.AprLifecycleListener.lifecycleEvent APR功能：IPv6[true]、sendfile[true]、accept filters[false]、random[true]、UDS [true]。
13-May-2024 16:46:02.906 信息 [main] org.apache.catalina.core.AprLifecycleListener.lifecycleEvent APR/OpenSSL配置：useAprConnector[false]，useOpenSSL[true]
13-May-2024 16:46:02.926 信息 [main] org.apache.catalina.core.AprLifecycleListener.initializeSSL OpenSSL成功初始化 [OpenSSL 3.0.13 30 Jan 2024]
13-May-2024 16:46:04.045 信息 [main] org.apache.coyote.AbstractProtocol.init 初始化协议处理器 ["http-nio-8080"]
13-May-2024 16:46:04.097 信息 [main] org.apache.catalina.startup.Catalina.load 服务器在[1978]毫秒内初始化
13-May-2024 16:46:04.225 信息 [main] org.apache.catalina.core.StandardService.startInternal 正在启动服务[Catalina]
13-May-2024 16:46:04.226 信息 [main] org.apache.catalina.core.StandardEngine.startInternal 正在启动 Servlet 引擎：[Apache Tomcat/9.0.88]
13-May-2024 16:46:04.249 信息 [main] org.apache.catalina.startup.HostConfig.deployDescriptor 正在部署部署描述符[D:\whWorkSpace\archiveSystem\conf\Catalina\localhost\archiveSystem.xml]。
13-May-2024 16:46:04.284 警告 [main] org.apache.catalina.core.StandardContext.setPath 上下文路径必须是空字符串或以'/'开头，而不能以'/'结尾。路径[/]不符合这些条件，已更改为[]
13-May-2024 16:46:04.290 警告 [main] org.apache.catalina.startup.HostConfig.deployDescriptor 部署描述符[D:\whWorkSpace\archiveSystem\conf\Catalina\localhost\archiveSystem.xml]中值为[]的路径属性已被忽略
13-May-2024 16:46:05.215 警告 [main] org.apache.tomcat.util.descriptor.web.WebXml.setVersion 未知版本字符串 [5.0]。将使用默认版本。
13-May-2024 16:46:11.820 信息 [main] org.apache.jasper.servlet.TldScanner.scanJars 至少有一个JAR被扫描用于TLD但尚未包含TLD。 为此记录器启用调试日志记录，以获取已扫描但未在其中找到TLD的完整JAR列表。 在扫描期间跳过不需要的JAR可以缩短启动时间和JSP编译时间。
13-May-2024 16:46:11.984 信息 [main] org.apache.catalina.startup.HostConfig.deployDescriptor 部署描述符[D:\whWorkSpace\archiveSystem\conf\Catalina\localhost\archiveSystem.xml]的部署已在[7,730]ms内完成
13-May-2024 16:46:11.993 信息 [main] org.apache.coyote.AbstractProtocol.start 开始协议处理句柄["http-nio-8080"]
13-May-2024 16:46:12.031 信息 [main] org.apache.catalina.startup.Catalina.start [7931]毫秒后服务器启动
13-May-2024 16:50:27.023 信息 [Thread-1] org.apache.coyote.AbstractProtocol.pause 暂停ProtocolHandler["http-nio-8080"]
13-May-2024 16:50:27.026 信息 [Thread-1] org.apache.catalina.core.StandardService.stopInternal 正在停止服务[Catalina]
13-May-2024 16:50:27.043 信息 [Thread-1] org.apache.coyote.AbstractProtocol.stop 正在停止ProtocolHandler ["http-nio-8080"]
13-May-2024 16:50:27.058 信息 [Thread-1] org.apache.coyote.AbstractProtocol.destroy 正在摧毁协议处理器 ["http-nio-8080"]
13-May-2024 16:50:30.430 信息 [main] org.apache.catalina.startup.VersionLoggerListener.log Server.服务器版本: Apache Tomcat/9.0.88
13-May-2024 16:50:30.444 信息 [main] org.apache.catalina.startup.VersionLoggerListener.log 服务器构建:        Apr 9 2024 13:22:30 UTC
13-May-2024 16:50:30.445 信息 [main] org.apache.catalina.startup.VersionLoggerListener.log 服务器版本号:      9.0.88.0
13-May-2024 16:50:30.445 信息 [main] org.apache.catalina.startup.VersionLoggerListener.log 操作系统名称:      Windows 11
13-May-2024 16:50:30.445 信息 [main] org.apache.catalina.startup.VersionLoggerListener.log OS.版本:           10.0
13-May-2024 16:50:30.446 信息 [main] org.apache.catalina.startup.VersionLoggerListener.log 架构:              amd64
13-May-2024 16:50:30.446 信息 [main] org.apache.catalina.startup.VersionLoggerListener.log Java 环境变量:     D:\JAVA\JDK\jdk-22.0.1
13-May-2024 16:50:30.446 信息 [main] org.apache.catalina.startup.VersionLoggerListener.log Java虚拟机版本:    22.0.1+8-16
13-May-2024 16:50:30.446 信息 [main] org.apache.catalina.startup.VersionLoggerListener.log JVM.供应商:        Oracle Corporation
13-May-2024 16:50:30.447 信息 [main] org.apache.catalina.startup.VersionLoggerListener.log CATALINA_BASE:     D:\whWorkSpace\archiveSystem
13-May-2024 16:50:30.447 信息 [main] org.apache.catalina.startup.VersionLoggerListener.log CATALINA_HOME:     D:\tomcat\apache-tomcat-9.0.88
13-May-2024 16:50:30.467 信息 [main] org.apache.catalina.startup.VersionLoggerListener.log 命令行参数：       --add-opens=java.base/java.lang=ALL-UNNAMED
13-May-2024 16:50:30.467 信息 [main] org.apache.catalina.startup.VersionLoggerListener.log 命令行参数：       --add-opens=java.base/java.io=ALL-UNNAMED
13-May-2024 16:50:30.468 信息 [main] org.apache.catalina.startup.VersionLoggerListener.log 命令行参数：       --add-opens=java.base/java.util=ALL-UNNAMED
13-May-2024 16:50:30.468 信息 [main] org.apache.catalina.startup.VersionLoggerListener.log 命令行参数：       --add-opens=java.base/java.util.concurrent=ALL-UNNAMED
13-May-2024 16:50:30.469 信息 [main] org.apache.catalina.startup.VersionLoggerListener.log 命令行参数：       --add-opens=java.rmi/sun.rmi.transport=ALL-UNNAMED
13-May-2024 16:50:30.469 信息 [main] org.apache.catalina.startup.VersionLoggerListener.log 命令行参数：       -Dcatalina.home=D:\..\tomcat\apache-tomcat-9.0.88
13-May-2024 16:50:30.469 信息 [main] org.apache.catalina.startup.VersionLoggerListener.log 命令行参数：       -Dcatalina.base=D:\whWorkSpace\archiveSystem
13-May-2024 16:50:30.470 信息 [main] org.apache.catalina.startup.VersionLoggerListener.log 命令行参数：       -Djava.io.tmpdir=D:\whWorkSpace\archiveSystem\temp
13-May-2024 16:50:30.470 信息 [main] org.apache.catalina.startup.VersionLoggerListener.log 命令行参数：       -Djava.util.logging.config.file=D:\whWorkSpace\archiveSystem\conf\logging.properties
13-May-2024 16:50:30.471 信息 [main] org.apache.catalina.startup.VersionLoggerListener.log 命令行参数：       -Djava.util.logging.manager=org.apache.juli.ClassLoaderLogManager
13-May-2024 16:50:30.471 信息 [main] org.apache.catalina.startup.VersionLoggerListener.log 命令行参数：       -javaagent:C:\Users\Admin\AppData\Local\Programs\IntelliJ IDEA Ultimate 2024.1\lib\idea_rt.jar=17482:C:\Users\Admin\AppData\Local\Programs\IntelliJ IDEA Ultimate 2024.1\bin
13-May-2024 16:50:30.471 信息 [main] org.apache.catalina.startup.VersionLoggerListener.log 命令行参数：       -Dfile.encoding=UTF-8
13-May-2024 16:50:30.472 信息 [main] org.apache.catalina.startup.VersionLoggerListener.log 命令行参数：       -Dsun.stdout.encoding=UTF-8
13-May-2024 16:50:30.472 信息 [main] org.apache.catalina.startup.VersionLoggerListener.log 命令行参数：       -Dsun.stderr.encoding=UTF-8
13-May-2024 16:50:30.482 信息 [main] org.apache.catalina.core.AprLifecycleListener.lifecycleEvent 使用APR版本[1.7.4]加载了基于APR的Apache Tomcat本机库[1.3.0]。
13-May-2024 16:50:30.483 信息 [main] org.apache.catalina.core.AprLifecycleListener.lifecycleEvent APR功能：IPv6[true]、sendfile[true]、accept filters[false]、random[true]、UDS [true]。
13-May-2024 16:50:30.483 信息 [main] org.apache.catalina.core.AprLifecycleListener.lifecycleEvent APR/OpenSSL配置：useAprConnector[false]，useOpenSSL[true]
13-May-2024 16:50:30.498 信息 [main] org.apache.catalina.core.AprLifecycleListener.initializeSSL OpenSSL成功初始化 [OpenSSL 3.0.13 30 Jan 2024]
13-May-2024 16:50:31.449 信息 [main] org.apache.coyote.AbstractProtocol.init 初始化协议处理器 ["http-nio-8080"]
13-May-2024 16:50:31.500 信息 [main] org.apache.catalina.startup.Catalina.load 服务器在[1773]毫秒内初始化
13-May-2024 16:50:31.636 信息 [main] org.apache.catalina.core.StandardService.startInternal 正在启动服务[Catalina]
13-May-2024 16:50:31.636 信息 [main] org.apache.catalina.core.StandardEngine.startInternal 正在启动 Servlet 引擎：[Apache Tomcat/9.0.88]
13-May-2024 16:50:31.666 信息 [main] org.apache.catalina.startup.HostConfig.deployDescriptor 正在部署部署描述符[D:\whWorkSpace\archiveSystem\conf\Catalina\localhost\archiveSystem.xml]。
13-May-2024 16:50:31.713 警告 [main] org.apache.catalina.core.StandardContext.setPath 上下文路径必须是空字符串或以'/'开头，而不能以'/'结尾。路径[/]不符合这些条件，已更改为[]
13-May-2024 16:50:31.718 警告 [main] org.apache.catalina.startup.HostConfig.deployDescriptor 部署描述符[D:\whWorkSpace\archiveSystem\conf\Catalina\localhost\archiveSystem.xml]中值为[]的路径属性已被忽略
13-May-2024 16:50:32.888 警告 [main] org.apache.tomcat.util.descriptor.web.WebXml.setVersion 未知版本字符串 [5.0]。将使用默认版本。
13-May-2024 16:50:41.186 信息 [main] org.apache.jasper.servlet.TldScanner.scanJars 至少有一个JAR被扫描用于TLD但尚未包含TLD。 为此记录器启用调试日志记录，以获取已扫描但未在其中找到TLD的完整JAR列表。 在扫描期间跳过不需要的JAR可以缩短启动时间和JSP编译时间。
13-May-2024 16:50:41.411 信息 [main] org.apache.catalina.startup.HostConfig.deployDescriptor 部署描述符[D:\whWorkSpace\archiveSystem\conf\Catalina\localhost\archiveSystem.xml]的部署已在[9,739]ms内完成
13-May-2024 16:50:41.420 信息 [main] org.apache.coyote.AbstractProtocol.start 开始协议处理句柄["http-nio-8080"]
13-May-2024 16:50:41.466 信息 [main] org.apache.catalina.startup.Catalina.start [9963]毫秒后服务器启动
13-May-2024 18:01:44.998 信息 [Thread-1] org.apache.coyote.AbstractProtocol.pause 暂停ProtocolHandler["http-nio-8080"]
13-May-2024 18:01:45.022 信息 [Thread-1] org.apache.catalina.core.StandardService.stopInternal 正在停止服务[Catalina]
13-May-2024 18:01:45.344 警告 [Thread-1] org.apache.catalina.loader.WebappClassLoaderBase.clearReferencesJdbc Web应用程序 [archiveSystem] 注册了JDBC驱动程序 [oracle.jdbc.OracleDriver]，但在Web应用程序停止时无法注销它。 为防止内存泄漏，JDBC驱动程序已被强制取消注册。
13-May-2024 18:01:45.346 警告 [Thread-1] org.apache.catalina.loader.WebappClassLoaderBase.clearReferencesThreads Web应用程序[archiveSystem]似乎启动了一个名为[Timer-0]的线程，但未能停止它。这很可能会造成内存泄漏。线程的堆栈跟踪：[
 java.base/java.lang.Object.wait0(Native Method)
 java.base/java.lang.Object.wait(Object.java:375)
 java.base/java.lang.Object.wait(Object.java:348)
 java.base/java.util.TimerThread.mainLoop(Timer.java:542)
 java.base/java.util.TimerThread.run(Timer.java:521)]
13-May-2024 18:01:45.382 信息 [Thread-1] org.apache.coyote.AbstractProtocol.stop 正在停止ProtocolHandler ["http-nio-8080"]
13-May-2024 18:01:45.405 信息 [Thread-1] org.apache.coyote.AbstractProtocol.destroy 正在摧毁协议处理器 ["http-nio-8080"]
13-May-2024 18:01:53.546 信息 [main] org.apache.catalina.startup.VersionLoggerListener.log Server.服务器版本: Apache Tomcat/9.0.88
13-May-2024 18:01:53.559 信息 [main] org.apache.catalina.startup.VersionLoggerListener.log 服务器构建:        Apr 9 2024 13:22:30 UTC
13-May-2024 18:01:53.560 信息 [main] org.apache.catalina.startup.VersionLoggerListener.log 服务器版本号:      9.0.88.0
13-May-2024 18:01:53.560 信息 [main] org.apache.catalina.startup.VersionLoggerListener.log 操作系统名称:      Windows 11
13-May-2024 18:01:53.562 信息 [main] org.apache.catalina.startup.VersionLoggerListener.log OS.版本:           10.0
13-May-2024 18:01:53.563 信息 [main] org.apache.catalina.startup.VersionLoggerListener.log 架构:              amd64
13-May-2024 18:01:53.563 信息 [main] org.apache.catalina.startup.VersionLoggerListener.log Java 环境变量:     D:\JAVA\JDK\jdk-22.0.1
13-May-2024 18:01:53.563 信息 [main] org.apache.catalina.startup.VersionLoggerListener.log Java虚拟机版本:    22.0.1+8-16
13-May-2024 18:01:53.564 信息 [main] org.apache.catalina.startup.VersionLoggerListener.log JVM.供应商:        Oracle Corporation
13-May-2024 18:01:53.564 信息 [main] org.apache.catalina.startup.VersionLoggerListener.log CATALINA_BASE:     D:\whWorkSpace\archiveSystem
13-May-2024 18:01:53.564 信息 [main] org.apache.catalina.startup.VersionLoggerListener.log CATALINA_HOME:     D:\tomcat\apache-tomcat-9.0.88
13-May-2024 18:01:53.584 信息 [main] org.apache.catalina.startup.VersionLoggerListener.log 命令行参数：       --add-opens=java.base/java.lang=ALL-UNNAMED
13-May-2024 18:01:53.584 信息 [main] org.apache.catalina.startup.VersionLoggerListener.log 命令行参数：       --add-opens=java.base/java.io=ALL-UNNAMED
13-May-2024 18:01:53.585 信息 [main] org.apache.catalina.startup.VersionLoggerListener.log 命令行参数：       --add-opens=java.base/java.util=ALL-UNNAMED
13-May-2024 18:01:53.585 信息 [main] org.apache.catalina.startup.VersionLoggerListener.log 命令行参数：       --add-opens=java.base/java.util.concurrent=ALL-UNNAMED
13-May-2024 18:01:53.585 信息 [main] org.apache.catalina.startup.VersionLoggerListener.log 命令行参数：       --add-opens=java.rmi/sun.rmi.transport=ALL-UNNAMED
13-May-2024 18:01:53.585 信息 [main] org.apache.catalina.startup.VersionLoggerListener.log 命令行参数：       -Dcatalina.home=D:\..\tomcat\apache-tomcat-9.0.88
13-May-2024 18:01:53.585 信息 [main] org.apache.catalina.startup.VersionLoggerListener.log 命令行参数：       -Dcatalina.base=D:\whWorkSpace\archiveSystem
13-May-2024 18:01:53.585 信息 [main] org.apache.catalina.startup.VersionLoggerListener.log 命令行参数：       -Djava.io.tmpdir=D:\whWorkSpace\archiveSystem\temp
13-May-2024 18:01:53.586 信息 [main] org.apache.catalina.startup.VersionLoggerListener.log 命令行参数：       -Djava.util.logging.config.file=D:\whWorkSpace\archiveSystem\conf\logging.properties
13-May-2024 18:01:53.586 信息 [main] org.apache.catalina.startup.VersionLoggerListener.log 命令行参数：       -Djava.util.logging.manager=org.apache.juli.ClassLoaderLogManager
13-May-2024 18:01:53.586 信息 [main] org.apache.catalina.startup.VersionLoggerListener.log 命令行参数：       -javaagent:C:\Users\Admin\AppData\Local\Programs\IntelliJ IDEA Ultimate 2024.1\lib\idea_rt.jar=52851:C:\Users\Admin\AppData\Local\Programs\IntelliJ IDEA Ultimate 2024.1\bin
13-May-2024 18:01:53.586 信息 [main] org.apache.catalina.startup.VersionLoggerListener.log 命令行参数：       -Dfile.encoding=UTF-8
13-May-2024 18:01:53.587 信息 [main] org.apache.catalina.startup.VersionLoggerListener.log 命令行参数：       -Dsun.stdout.encoding=UTF-8
13-May-2024 18:01:53.587 信息 [main] org.apache.catalina.startup.VersionLoggerListener.log 命令行参数：       -Dsun.stderr.encoding=UTF-8
13-May-2024 18:01:53.597 信息 [main] org.apache.catalina.core.AprLifecycleListener.lifecycleEvent 使用APR版本[1.7.4]加载了基于APR的Apache Tomcat本机库[1.3.0]。
13-May-2024 18:01:53.597 信息 [main] org.apache.catalina.core.AprLifecycleListener.lifecycleEvent APR功能：IPv6[true]、sendfile[true]、accept filters[false]、random[true]、UDS [true]。
13-May-2024 18:01:53.598 信息 [main] org.apache.catalina.core.AprLifecycleListener.lifecycleEvent APR/OpenSSL配置：useAprConnector[false]，useOpenSSL[true]
13-May-2024 18:01:53.622 信息 [main] org.apache.catalina.core.AprLifecycleListener.initializeSSL OpenSSL成功初始化 [OpenSSL 3.0.13 30 Jan 2024]
13-May-2024 18:01:54.502 信息 [main] org.apache.coyote.AbstractProtocol.init 初始化协议处理器 ["http-nio-8080"]
13-May-2024 18:01:54.550 信息 [main] org.apache.catalina.startup.Catalina.load 服务器在[1633]毫秒内初始化
13-May-2024 18:01:54.668 信息 [main] org.apache.catalina.core.StandardService.startInternal 正在启动服务[Catalina]
13-May-2024 18:01:54.668 信息 [main] org.apache.catalina.core.StandardEngine.startInternal 正在启动 Servlet 引擎：[Apache Tomcat/9.0.88]
13-May-2024 18:01:54.693 信息 [main] org.apache.catalina.startup.HostConfig.deployDescriptor 正在部署部署描述符[D:\whWorkSpace\archiveSystem\conf\Catalina\localhost\archiveSystem.xml]。
13-May-2024 18:01:54.733 警告 [main] org.apache.catalina.core.StandardContext.setPath 上下文路径必须是空字符串或以'/'开头，而不能以'/'结尾。路径[/]不符合这些条件，已更改为[]
13-May-2024 18:01:54.737 警告 [main] org.apache.catalina.startup.HostConfig.deployDescriptor 部署描述符[D:\whWorkSpace\archiveSystem\conf\Catalina\localhost\archiveSystem.xml]中值为[]的路径属性已被忽略
13-May-2024 18:01:55.691 警告 [main] org.apache.tomcat.util.descriptor.web.WebXml.setVersion 未知版本字符串 [5.0]。将使用默认版本。
13-May-2024 18:02:01.688 信息 [main] org.apache.jasper.servlet.TldScanner.scanJars 至少有一个JAR被扫描用于TLD但尚未包含TLD。 为此记录器启用调试日志记录，以获取已扫描但未在其中找到TLD的完整JAR列表。 在扫描期间跳过不需要的JAR可以缩短启动时间和JSP编译时间。
13-May-2024 18:02:01.876 信息 [main] org.apache.catalina.startup.HostConfig.deployDescriptor 部署描述符[D:\whWorkSpace\archiveSystem\conf\Catalina\localhost\archiveSystem.xml]的部署已在[7,178]ms内完成
13-May-2024 18:02:01.884 信息 [main] org.apache.coyote.AbstractProtocol.start 开始协议处理句柄["http-nio-8080"]
13-May-2024 18:02:01.929 信息 [main] org.apache.catalina.startup.Catalina.start [7375]毫秒后服务器启动
13-May-2024 18:05:56.468 信息 [Thread-1] org.apache.coyote.AbstractProtocol.pause 暂停ProtocolHandler["http-nio-8080"]
13-May-2024 18:05:56.471 信息 [Thread-1] org.apache.catalina.core.StandardService.stopInternal 正在停止服务[Catalina]
13-May-2024 18:05:56.531 警告 [Thread-1] org.apache.catalina.loader.WebappClassLoaderBase.clearReferencesJdbc Web应用程序 [archiveSystem] 注册了JDBC驱动程序 [oracle.jdbc.OracleDriver]，但在Web应用程序停止时无法注销它。 为防止内存泄漏，JDBC驱动程序已被强制取消注册。
13-May-2024 18:05:56.532 警告 [Thread-1] org.apache.catalina.loader.WebappClassLoaderBase.clearReferencesThreads Web应用程序[archiveSystem]似乎启动了一个名为[Timer-0]的线程，但未能停止它。这很可能会造成内存泄漏。线程的堆栈跟踪：[
 java.base/java.lang.Object.wait0(Native Method)
 java.base/java.lang.Object.wait(Object.java:375)
 java.base/java.lang.Object.wait(Object.java:348)
 java.base/java.util.TimerThread.mainLoop(Timer.java:542)
 java.base/java.util.TimerThread.run(Timer.java:521)]
13-May-2024 18:05:56.544 信息 [Thread-1] org.apache.coyote.AbstractProtocol.stop 正在停止ProtocolHandler ["http-nio-8080"]
13-May-2024 18:05:56.552 信息 [Thread-1] org.apache.coyote.AbstractProtocol.destroy 正在摧毁协议处理器 ["http-nio-8080"]
13-May-2024 18:06:03.341 信息 [main] org.apache.catalina.startup.VersionLoggerListener.log Server.服务器版本: Apache Tomcat/9.0.88
13-May-2024 18:06:03.352 信息 [main] org.apache.catalina.startup.VersionLoggerListener.log 服务器构建:        Apr 9 2024 13:22:30 UTC
13-May-2024 18:06:03.352 信息 [main] org.apache.catalina.startup.VersionLoggerListener.log 服务器版本号:      9.0.88.0
13-May-2024 18:06:03.353 信息 [main] org.apache.catalina.startup.VersionLoggerListener.log 操作系统名称:      Windows 11
13-May-2024 18:06:03.354 信息 [main] org.apache.catalina.startup.VersionLoggerListener.log OS.版本:           10.0
13-May-2024 18:06:03.354 信息 [main] org.apache.catalina.startup.VersionLoggerListener.log 架构:              amd64
13-May-2024 18:06:03.355 信息 [main] org.apache.catalina.startup.VersionLoggerListener.log Java 环境变量:     D:\JAVA\JDK\jdk-22.0.1
13-May-2024 18:06:03.355 信息 [main] org.apache.catalina.startup.VersionLoggerListener.log Java虚拟机版本:    22.0.1+8-16
13-May-2024 18:06:03.355 信息 [main] org.apache.catalina.startup.VersionLoggerListener.log JVM.供应商:        Oracle Corporation
13-May-2024 18:06:03.356 信息 [main] org.apache.catalina.startup.VersionLoggerListener.log CATALINA_BASE:     D:\whWorkSpace\archiveSystem
13-May-2024 18:06:03.356 信息 [main] org.apache.catalina.startup.VersionLoggerListener.log CATALINA_HOME:     D:\tomcat\apache-tomcat-9.0.88
13-May-2024 18:06:03.380 信息 [main] org.apache.catalina.startup.VersionLoggerListener.log 命令行参数：       --add-opens=java.base/java.lang=ALL-UNNAMED
13-May-2024 18:06:03.381 信息 [main] org.apache.catalina.startup.VersionLoggerListener.log 命令行参数：       --add-opens=java.base/java.io=ALL-UNNAMED
13-May-2024 18:06:03.381 信息 [main] org.apache.catalina.startup.VersionLoggerListener.log 命令行参数：       --add-opens=java.base/java.util=ALL-UNNAMED
13-May-2024 18:06:03.381 信息 [main] org.apache.catalina.startup.VersionLoggerListener.log 命令行参数：       --add-opens=java.base/java.util.concurrent=ALL-UNNAMED
13-May-2024 18:06:03.382 信息 [main] org.apache.catalina.startup.VersionLoggerListener.log 命令行参数：       --add-opens=java.rmi/sun.rmi.transport=ALL-UNNAMED
13-May-2024 18:06:03.382 信息 [main] org.apache.catalina.startup.VersionLoggerListener.log 命令行参数：       -Dcatalina.home=D:\..\tomcat\apache-tomcat-9.0.88
13-May-2024 18:06:03.382 信息 [main] org.apache.catalina.startup.VersionLoggerListener.log 命令行参数：       -Dcatalina.base=D:\whWorkSpace\archiveSystem
13-May-2024 18:06:03.382 信息 [main] org.apache.catalina.startup.VersionLoggerListener.log 命令行参数：       -Djava.io.tmpdir=D:\whWorkSpace\archiveSystem\temp
13-May-2024 18:06:03.383 信息 [main] org.apache.catalina.startup.VersionLoggerListener.log 命令行参数：       -Djava.util.logging.config.file=D:\whWorkSpace\archiveSystem\conf\logging.properties
13-May-2024 18:06:03.383 信息 [main] org.apache.catalina.startup.VersionLoggerListener.log 命令行参数：       -Djava.util.logging.manager=org.apache.juli.ClassLoaderLogManager
13-May-2024 18:06:03.384 信息 [main] org.apache.catalina.startup.VersionLoggerListener.log 命令行参数：       -javaagent:C:\Users\Admin\AppData\Local\Programs\IntelliJ IDEA Ultimate 2024.1\lib\idea_rt.jar=26176:C:\Users\Admin\AppData\Local\Programs\IntelliJ IDEA Ultimate 2024.1\bin
13-May-2024 18:06:03.385 信息 [main] org.apache.catalina.startup.VersionLoggerListener.log 命令行参数：       -Dfile.encoding=UTF-8
13-May-2024 18:06:03.386 信息 [main] org.apache.catalina.startup.VersionLoggerListener.log 命令行参数：       -Dsun.stdout.encoding=UTF-8
13-May-2024 18:06:03.386 信息 [main] org.apache.catalina.startup.VersionLoggerListener.log 命令行参数：       -Dsun.stderr.encoding=UTF-8
13-May-2024 18:06:03.395 信息 [main] org.apache.catalina.core.AprLifecycleListener.lifecycleEvent 使用APR版本[1.7.4]加载了基于APR的Apache Tomcat本机库[1.3.0]。
13-May-2024 18:06:03.395 信息 [main] org.apache.catalina.core.AprLifecycleListener.lifecycleEvent APR功能：IPv6[true]、sendfile[true]、accept filters[false]、random[true]、UDS [true]。
13-May-2024 18:06:03.396 信息 [main] org.apache.catalina.core.AprLifecycleListener.lifecycleEvent APR/OpenSSL配置：useAprConnector[false]，useOpenSSL[true]
13-May-2024 18:06:03.417 信息 [main] org.apache.catalina.core.AprLifecycleListener.initializeSSL OpenSSL成功初始化 [OpenSSL 3.0.13 30 Jan 2024]
13-May-2024 18:06:04.316 信息 [main] org.apache.coyote.AbstractProtocol.init 初始化协议处理器 ["http-nio-8080"]
13-May-2024 18:06:04.366 信息 [main] org.apache.catalina.startup.Catalina.load 服务器在[1636]毫秒内初始化
13-May-2024 18:06:04.489 信息 [main] org.apache.catalina.core.StandardService.startInternal 正在启动服务[Catalina]
13-May-2024 18:06:04.489 信息 [main] org.apache.catalina.core.StandardEngine.startInternal 正在启动 Servlet 引擎：[Apache Tomcat/9.0.88]
13-May-2024 18:06:04.518 信息 [main] org.apache.catalina.startup.HostConfig.deployDescriptor 正在部署部署描述符[D:\whWorkSpace\archiveSystem\conf\Catalina\localhost\archiveSystem.xml]。
13-May-2024 18:06:04.560 警告 [main] org.apache.catalina.core.StandardContext.setPath 上下文路径必须是空字符串或以'/'开头，而不能以'/'结尾。路径[/]不符合这些条件，已更改为[]
13-May-2024 18:06:04.565 警告 [main] org.apache.catalina.startup.HostConfig.deployDescriptor 部署描述符[D:\whWorkSpace\archiveSystem\conf\Catalina\localhost\archiveSystem.xml]中值为[]的路径属性已被忽略
13-May-2024 18:06:05.503 警告 [main] org.apache.tomcat.util.descriptor.web.WebXml.setVersion 未知版本字符串 [5.0]。将使用默认版本。
13-May-2024 18:06:13.501 信息 [main] org.apache.jasper.servlet.TldScanner.scanJars 至少有一个JAR被扫描用于TLD但尚未包含TLD。 为此记录器启用调试日志记录，以获取已扫描但未在其中找到TLD的完整JAR列表。 在扫描期间跳过不需要的JAR可以缩短启动时间和JSP编译时间。
13-May-2024 18:06:13.688 信息 [main] org.apache.catalina.startup.HostConfig.deployDescriptor 部署描述符[D:\whWorkSpace\archiveSystem\conf\Catalina\localhost\archiveSystem.xml]的部署已在[9,165]ms内完成
13-May-2024 18:06:13.698 信息 [main] org.apache.coyote.AbstractProtocol.start 开始协议处理句柄["http-nio-8080"]
13-May-2024 18:06:13.746 信息 [main] org.apache.catalina.startup.Catalina.start [9377]毫秒后服务器启动
13-May-2024 18:07:56.957 信息 [Thread-1] org.apache.coyote.AbstractProtocol.pause 暂停ProtocolHandler["http-nio-8080"]
13-May-2024 18:07:56.961 信息 [Thread-1] org.apache.catalina.core.StandardService.stopInternal 正在停止服务[Catalina]
13-May-2024 18:07:57.057 警告 [Thread-1] org.apache.catalina.loader.WebappClassLoaderBase.clearReferencesJdbc Web应用程序 [archiveSystem] 注册了JDBC驱动程序 [oracle.jdbc.OracleDriver]，但在Web应用程序停止时无法注销它。 为防止内存泄漏，JDBC驱动程序已被强制取消注册。
13-May-2024 18:07:57.058 警告 [Thread-1] org.apache.catalina.loader.WebappClassLoaderBase.clearReferencesThreads Web应用程序[archiveSystem]似乎启动了一个名为[Timer-0]的线程，但未能停止它。这很可能会造成内存泄漏。线程的堆栈跟踪：[
 java.base/java.lang.Object.wait0(Native Method)
 java.base/java.lang.Object.wait(Object.java:375)
 java.base/java.lang.Object.wait(Object.java:348)
 java.base/java.util.TimerThread.mainLoop(Timer.java:542)
 java.base/java.util.TimerThread.run(Timer.java:521)]
13-May-2024 18:07:57.069 信息 [Thread-1] org.apache.coyote.AbstractProtocol.stop 正在停止ProtocolHandler ["http-nio-8080"]
13-May-2024 18:07:57.085 信息 [Thread-1] org.apache.coyote.AbstractProtocol.destroy 正在摧毁协议处理器 ["http-nio-8080"]
13-May-2024 18:08:05.005 信息 [main] org.apache.catalina.startup.VersionLoggerListener.log Server.服务器版本: Apache Tomcat/9.0.88
13-May-2024 18:08:05.016 信息 [main] org.apache.catalina.startup.VersionLoggerListener.log 服务器构建:        Apr 9 2024 13:22:30 UTC
13-May-2024 18:08:05.017 信息 [main] org.apache.catalina.startup.VersionLoggerListener.log 服务器版本号:      9.0.88.0
13-May-2024 18:08:05.017 信息 [main] org.apache.catalina.startup.VersionLoggerListener.log 操作系统名称:      Windows 11
13-May-2024 18:08:05.018 信息 [main] org.apache.catalina.startup.VersionLoggerListener.log OS.版本:           10.0
13-May-2024 18:08:05.018 信息 [main] org.apache.catalina.startup.VersionLoggerListener.log 架构:              amd64
13-May-2024 18:08:05.018 信息 [main] org.apache.catalina.startup.VersionLoggerListener.log Java 环境变量:     D:\JAVA\JDK\jdk-22.0.1
13-May-2024 18:08:05.019 信息 [main] org.apache.catalina.startup.VersionLoggerListener.log Java虚拟机版本:    22.0.1+8-16
13-May-2024 18:08:05.020 信息 [main] org.apache.catalina.startup.VersionLoggerListener.log JVM.供应商:        Oracle Corporation
13-May-2024 18:08:05.020 信息 [main] org.apache.catalina.startup.VersionLoggerListener.log CATALINA_BASE:     D:\whWorkSpace\archiveSystem
13-May-2024 18:08:05.021 信息 [main] org.apache.catalina.startup.VersionLoggerListener.log CATALINA_HOME:     D:\tomcat\apache-tomcat-9.0.88
13-May-2024 18:08:05.045 信息 [main] org.apache.catalina.startup.VersionLoggerListener.log 命令行参数：       --add-opens=java.base/java.lang=ALL-UNNAMED
13-May-2024 18:08:05.045 信息 [main] org.apache.catalina.startup.VersionLoggerListener.log 命令行参数：       --add-opens=java.base/java.io=ALL-UNNAMED
13-May-2024 18:08:05.046 信息 [main] org.apache.catalina.startup.VersionLoggerListener.log 命令行参数：       --add-opens=java.base/java.util=ALL-UNNAMED
13-May-2024 18:08:05.046 信息 [main] org.apache.catalina.startup.VersionLoggerListener.log 命令行参数：       --add-opens=java.base/java.util.concurrent=ALL-UNNAMED
13-May-2024 18:08:05.046 信息 [main] org.apache.catalina.startup.VersionLoggerListener.log 命令行参数：       --add-opens=java.rmi/sun.rmi.transport=ALL-UNNAMED
13-May-2024 18:08:05.047 信息 [main] org.apache.catalina.startup.VersionLoggerListener.log 命令行参数：       -Dcatalina.home=D:\..\tomcat\apache-tomcat-9.0.88
13-May-2024 18:08:05.048 信息 [main] org.apache.catalina.startup.VersionLoggerListener.log 命令行参数：       -Dcatalina.base=D:\whWorkSpace\archiveSystem
13-May-2024 18:08:05.048 信息 [main] org.apache.catalina.startup.VersionLoggerListener.log 命令行参数：       -Djava.io.tmpdir=D:\whWorkSpace\archiveSystem\temp
13-May-2024 18:08:05.048 信息 [main] org.apache.catalina.startup.VersionLoggerListener.log 命令行参数：       -Djava.util.logging.config.file=D:\whWorkSpace\archiveSystem\conf\logging.properties
13-May-2024 18:08:05.049 信息 [main] org.apache.catalina.startup.VersionLoggerListener.log 命令行参数：       -Djava.util.logging.manager=org.apache.juli.ClassLoaderLogManager
13-May-2024 18:08:05.049 信息 [main] org.apache.catalina.startup.VersionLoggerListener.log 命令行参数：       -javaagent:C:\Users\Admin\AppData\Local\Programs\IntelliJ IDEA Ultimate 2024.1\lib\idea_rt.jar=47131:C:\Users\Admin\AppData\Local\Programs\IntelliJ IDEA Ultimate 2024.1\bin
13-May-2024 18:08:05.052 信息 [main] org.apache.catalina.startup.VersionLoggerListener.log 命令行参数：       -Dfile.encoding=UTF-8
13-May-2024 18:08:05.052 信息 [main] org.apache.catalina.startup.VersionLoggerListener.log 命令行参数：       -Dsun.stdout.encoding=UTF-8
13-May-2024 18:08:05.053 信息 [main] org.apache.catalina.startup.VersionLoggerListener.log 命令行参数：       -Dsun.stderr.encoding=UTF-8
13-May-2024 18:08:05.063 信息 [main] org.apache.catalina.core.AprLifecycleListener.lifecycleEvent 使用APR版本[1.7.4]加载了基于APR的Apache Tomcat本机库[1.3.0]。
13-May-2024 18:08:05.064 信息 [main] org.apache.catalina.core.AprLifecycleListener.lifecycleEvent APR功能：IPv6[true]、sendfile[true]、accept filters[false]、random[true]、UDS [true]。
13-May-2024 18:08:05.064 信息 [main] org.apache.catalina.core.AprLifecycleListener.lifecycleEvent APR/OpenSSL配置：useAprConnector[false]，useOpenSSL[true]
13-May-2024 18:08:05.082 信息 [main] org.apache.catalina.core.AprLifecycleListener.initializeSSL OpenSSL成功初始化 [OpenSSL 3.0.13 30 Jan 2024]
13-May-2024 18:08:06.233 信息 [main] org.apache.coyote.AbstractProtocol.init 初始化协议处理器 ["http-nio-8080"]
13-May-2024 18:08:06.295 信息 [main] org.apache.catalina.startup.Catalina.load 服务器在[2050]毫秒内初始化
13-May-2024 18:08:06.445 信息 [main] org.apache.catalina.core.StandardService.startInternal 正在启动服务[Catalina]
13-May-2024 18:08:06.445 信息 [main] org.apache.catalina.core.StandardEngine.startInternal 正在启动 Servlet 引擎：[Apache Tomcat/9.0.88]
13-May-2024 18:08:06.496 信息 [main] org.apache.catalina.startup.HostConfig.deployDescriptor 正在部署部署描述符[D:\whWorkSpace\archiveSystem\conf\Catalina\localhost\archiveSystem.xml]。
13-May-2024 18:08:06.535 警告 [main] org.apache.catalina.core.StandardContext.setPath 上下文路径必须是空字符串或以'/'开头，而不能以'/'结尾。路径[/]不符合这些条件，已更改为[]
13-May-2024 18:08:06.542 警告 [main] org.apache.catalina.startup.HostConfig.deployDescriptor 部署描述符[D:\whWorkSpace\archiveSystem\conf\Catalina\localhost\archiveSystem.xml]中值为[]的路径属性已被忽略
13-May-2024 18:08:07.706 警告 [main] org.apache.tomcat.util.descriptor.web.WebXml.setVersion 未知版本字符串 [5.0]。将使用默认版本。
13-May-2024 18:08:18.579 信息 [main] org.apache.jasper.servlet.TldScanner.scanJars 至少有一个JAR被扫描用于TLD但尚未包含TLD。 为此记录器启用调试日志记录，以获取已扫描但未在其中找到TLD的完整JAR列表。 在扫描期间跳过不需要的JAR可以缩短启动时间和JSP编译时间。
13-May-2024 18:08:18.813 信息 [main] org.apache.catalina.startup.HostConfig.deployDescriptor 部署描述符[D:\whWorkSpace\archiveSystem\conf\Catalina\localhost\archiveSystem.xml]的部署已在[12,306]ms内完成
13-May-2024 18:08:18.822 信息 [main] org.apache.coyote.AbstractProtocol.start 开始协议处理句柄["http-nio-8080"]
13-May-2024 18:08:18.872 信息 [main] org.apache.catalina.startup.Catalina.start [12573]毫秒后服务器启动
