13-May-2024 16:17:47.949 严重 [http-nio-8080-exec-1] org.apache.catalina.core.StandardWrapperValve.invoke 在路径为[/archiveSystem]的上下文中，Servlet[jsp]的Servlet.service（）引发了具有根本原因的异常[无法为JSP编译类: 

在生成的java文件中的第：[14]行发生错误：[D:\whWorkSpace\archiveSystem\work\Catalina\localhost\archiveSystem\org\apache\jsp\jsp\upload_jsp.java]
Only a type can be imported. com.sunriver.arvhiceSystem.util.ExcelUtils resolves to a package

JSP文件：[/jsp/upload.jsp] 的第 [9] 行发生了一个错误
ExcelUtils cannot be resolved to a type
6: <%
7:     String path = request.getContextPath();
8:     String basePath = request.getScheme()+"://"+request.getServerName()+":"+request.getServerPort()+path+"/";
9: 	ExcelUtils excelUtils = new ExcelUtils();
10: 	Map<String,String> map = excelUtils.getExportTypeMap();
11:     request.setAttribute("map", map);
12: %>


JSP文件：[/jsp/upload.jsp] 的第 [9] 行发生了一个错误
ExcelUtils cannot be resolved to a type
6: <%
7:     String path = request.getContextPath();
8:     String basePath = request.getScheme()+"://"+request.getServerName()+":"+request.getServerPort()+path+"/";
9: 	ExcelUtils excelUtils = new ExcelUtils();
10: 	Map<String,String> map = excelUtils.getExportTypeMap();
11:     request.setAttribute("map", map);
12: %>


Stacktrace:]
	org.apache.jasper.JasperException: 无法为JSP编译类: 

在生成的java文件中的第：[14]行发生错误：[D:\whWorkSpace\archiveSystem\work\Catalina\localhost\archiveSystem\org\apache\jsp\jsp\upload_jsp.java]
Only a type can be imported. com.sunriver.arvhiceSystem.util.ExcelUtils resolves to a package

JSP文件：[/jsp/upload.jsp] 的第 [9] 行发生了一个错误
ExcelUtils cannot be resolved to a type
6: <%
7:     String path = request.getContextPath();
8:     String basePath = request.getScheme()+"://"+request.getServerName()+":"+request.getServerPort()+path+"/";
9: 	ExcelUtils excelUtils = new ExcelUtils();
10: 	Map<String,String> map = excelUtils.getExportTypeMap();
11:     request.setAttribute("map", map);
12: %>


JSP文件：[/jsp/upload.jsp] 的第 [9] 行发生了一个错误
ExcelUtils cannot be resolved to a type
6: <%
7:     String path = request.getContextPath();
8:     String basePath = request.getScheme()+"://"+request.getServerName()+":"+request.getServerPort()+path+"/";
9: 	ExcelUtils excelUtils = new ExcelUtils();
10: 	Map<String,String> map = excelUtils.getExportTypeMap();
11:     request.setAttribute("map", map);
12: %>


Stacktrace:
		at org.apache.jasper.compiler.DefaultErrorHandler.javacError(DefaultErrorHandler.java:102)
		at org.apache.jasper.compiler.ErrorDispatcher.javacError(ErrorDispatcher.java:214)
		at org.apache.jasper.compiler.JDTCompiler.generateClass(JDTCompiler.java:542)
		at org.apache.jasper.compiler.Compiler.compile(Compiler.java:398)
		at org.apache.jasper.compiler.Compiler.compile(Compiler.java:368)
		at org.apache.jasper.compiler.Compiler.compile(Compiler.java:352)
		at org.apache.jasper.JspCompilationContext.compile(JspCompilationContext.java:603)
		at org.apache.jasper.servlet.JspServletWrapper.service(JspServletWrapper.java:399)
		at org.apache.jasper.servlet.JspServlet.serviceJspFile(JspServlet.java:379)
		at org.apache.jasper.servlet.JspServlet.service(JspServlet.java:327)
		at javax.servlet.http.HttpServlet.service(HttpServlet.java:623)
		at org.apache.catalina.core.ApplicationFilterChain.internalDoFilter(ApplicationFilterChain.java:200)
		at org.apache.catalina.core.ApplicationFilterChain.doFilter(ApplicationFilterChain.java:144)
		at org.apache.tomcat.websocket.server.WsFilter.doFilter(WsFilter.java:51)
		at org.apache.catalina.core.ApplicationFilterChain.internalDoFilter(ApplicationFilterChain.java:169)
		at org.apache.catalina.core.ApplicationFilterChain.doFilter(ApplicationFilterChain.java:144)
		at org.apache.catalina.core.StandardWrapperValve.invoke(StandardWrapperValve.java:168)
		at org.apache.catalina.core.StandardContextValve.invoke(StandardContextValve.java:90)
		at org.apache.catalina.authenticator.AuthenticatorBase.invoke(AuthenticatorBase.java:481)
		at org.apache.catalina.core.StandardHostValve.invoke(StandardHostValve.java:130)
		at org.apache.catalina.valves.ErrorReportValve.invoke(ErrorReportValve.java:93)
		at org.apache.catalina.valves.AbstractAccessLogValve.invoke(AbstractAccessLogValve.java:670)
		at org.apache.catalina.core.StandardEngineValve.invoke(StandardEngineValve.java:74)
		at org.apache.catalina.connector.CoyoteAdapter.service(CoyoteAdapter.java:346)
		at org.apache.coyote.http11.Http11Processor.service(Http11Processor.java:390)
		at org.apache.coyote.AbstractProcessorLight.process(AbstractProcessorLight.java:63)
		at org.apache.coyote.AbstractProtocol$ConnectionHandler.process(AbstractProtocol.java:928)
		at org.apache.tomcat.util.net.NioEndpoint$SocketProcessor.doRun(NioEndpoint.java:1786)
		at org.apache.tomcat.util.net.SocketProcessorBase.run(SocketProcessorBase.java:52)
		at org.apache.tomcat.util.threads.ThreadPoolExecutor.runWorker(ThreadPoolExecutor.java:1191)
		at org.apache.tomcat.util.threads.ThreadPoolExecutor$Worker.run(ThreadPoolExecutor.java:659)
		at org.apache.tomcat.util.threads.TaskThread$WrappingRunnable.run(TaskThread.java:63)
		at java.base/java.lang.Thread.run(Thread.java:1570)
