28-Apr-2024 16:36:02.075 严重 [http-nio-8080-exec-9] org.apache.catalina.core.StandardWrapperValve.invoke 在路径为[/demo2]的上下文中，servlet[com.sunriver.arvhiceSystem.FileUploadServlet]的Servlet.service()引发异常
	java.lang.IndexOutOfBoundsException: Index 10 out of bounds for length 2
		at java.base/jdk.internal.util.Preconditions.outOfBounds(Preconditions.java:100)
		at java.base/jdk.internal.util.Preconditions.outOfBoundsCheckIndex(Preconditions.java:106)
		at java.base/jdk.internal.util.Preconditions.checkIndex(Preconditions.java:302)
		at java.base/java.util.Objects.checkIndex(Objects.java:365)
		at java.base/java.util.ArrayList.get(ArrayList.java:428)
		at com.sunriver.arvhiceSystem.FileUploadServlet.doPost(FileUploadServlet.java:84)
		at javax.servlet.http.HttpServlet.service(HttpServlet.java:555)
		at javax.servlet.http.HttpServlet.service(HttpServlet.java:623)
		at org.apache.catalina.core.ApplicationFilterChain.internalDoFilter(ApplicationFilterChain.java:200)
		at org.apache.catalina.core.ApplicationFilterChain.doFilter(ApplicationFilterChain.java:144)
		at org.apache.tomcat.websocket.server.WsFilter.doFilter(WsFilter.java:51)
		at org.apache.catalina.core.ApplicationFilterChain.internalDoFilter(ApplicationFilterChain.java:169)
		at org.apache.catalina.core.ApplicationFilterChain.doFilter(ApplicationFilterChain.java:144)
		at org.apache.catalina.core.StandardWrapperValve.invoke(StandardWrapperValve.java:168)
		at org.apache.catalina.core.StandardContextValve.invoke(StandardContextValve.java:90)
		at org.apache.catalina.authenticator.AuthenticatorBase.invoke(AuthenticatorBase.java:481)
		at org.apache.catalina.core.StandardHostValve.invoke(StandardHostValve.java:130)
		at org.apache.catalina.valves.ErrorReportValve.invoke(ErrorReportValve.java:93)
		at org.apache.catalina.valves.AbstractAccessLogValve.invoke(AbstractAccessLogValve.java:670)
		at org.apache.catalina.core.StandardEngineValve.invoke(StandardEngineValve.java:74)
		at org.apache.catalina.connector.CoyoteAdapter.service(CoyoteAdapter.java:346)
		at org.apache.coyote.http11.Http11Processor.service(Http11Processor.java:390)
		at org.apache.coyote.AbstractProcessorLight.process(AbstractProcessorLight.java:63)
		at org.apache.coyote.AbstractProtocol$ConnectionHandler.process(AbstractProtocol.java:928)
		at org.apache.tomcat.util.net.NioEndpoint$SocketProcessor.doRun(NioEndpoint.java:1786)
		at org.apache.tomcat.util.net.SocketProcessorBase.run(SocketProcessorBase.java:52)
		at org.apache.tomcat.util.threads.ThreadPoolExecutor.runWorker(ThreadPoolExecutor.java:1191)
		at org.apache.tomcat.util.threads.ThreadPoolExecutor$Worker.run(ThreadPoolExecutor.java:659)
		at org.apache.tomcat.util.threads.TaskThread$WrappingRunnable.run(TaskThread.java:63)
		at java.base/java.lang.Thread.run(Thread.java:1570)
28-Apr-2024 16:36:57.328 严重 [http-nio-8080-exec-1] org.apache.catalina.core.StandardWrapperValve.invoke 在路径为[/demo2]的上下文中，servlet[com.sunriver.arvhiceSystem.FileUploadServlet]的Servlet.service()引发异常
	java.lang.RuntimeException: java.sql.SQLException: 无效的列索引
		at com.sunriver.arvhiceSystem.service.impl.ArchiveDataServiceImpl.archiveDataInsert(ArchiveDataServiceImpl.java:50)
		at com.sunriver.arvhiceSystem.FileUploadServlet.insertData(FileUploadServlet.java:151)
		at com.sunriver.arvhiceSystem.FileUploadServlet.doPost(FileUploadServlet.java:118)
		at javax.servlet.http.HttpServlet.service(HttpServlet.java:555)
		at javax.servlet.http.HttpServlet.service(HttpServlet.java:623)
		at org.apache.catalina.core.ApplicationFilterChain.internalDoFilter(ApplicationFilterChain.java:200)
		at org.apache.catalina.core.ApplicationFilterChain.doFilter(ApplicationFilterChain.java:144)
		at org.apache.tomcat.websocket.server.WsFilter.doFilter(WsFilter.java:51)
		at org.apache.catalina.core.ApplicationFilterChain.internalDoFilter(ApplicationFilterChain.java:169)
		at org.apache.catalina.core.ApplicationFilterChain.doFilter(ApplicationFilterChain.java:144)
		at org.apache.catalina.core.StandardWrapperValve.invoke(StandardWrapperValve.java:168)
		at org.apache.catalina.core.StandardContextValve.invoke(StandardContextValve.java:90)
		at org.apache.catalina.authenticator.AuthenticatorBase.invoke(AuthenticatorBase.java:481)
		at org.apache.catalina.core.StandardHostValve.invoke(StandardHostValve.java:130)
		at org.apache.catalina.valves.ErrorReportValve.invoke(ErrorReportValve.java:93)
		at org.apache.catalina.valves.AbstractAccessLogValve.invoke(AbstractAccessLogValve.java:670)
		at org.apache.catalina.core.StandardEngineValve.invoke(StandardEngineValve.java:74)
		at org.apache.catalina.connector.CoyoteAdapter.service(CoyoteAdapter.java:346)
		at org.apache.coyote.http11.Http11Processor.service(Http11Processor.java:390)
		at org.apache.coyote.AbstractProcessorLight.process(AbstractProcessorLight.java:63)
		at org.apache.coyote.AbstractProtocol$ConnectionHandler.process(AbstractProtocol.java:928)
		at org.apache.tomcat.util.net.NioEndpoint$SocketProcessor.doRun(NioEndpoint.java:1786)
		at org.apache.tomcat.util.net.SocketProcessorBase.run(SocketProcessorBase.java:52)
		at org.apache.tomcat.util.threads.ThreadPoolExecutor.runWorker(ThreadPoolExecutor.java:1191)
		at org.apache.tomcat.util.threads.ThreadPoolExecutor$Worker.run(ThreadPoolExecutor.java:659)
		at org.apache.tomcat.util.threads.TaskThread$WrappingRunnable.run(TaskThread.java:63)
		at java.base/java.lang.Thread.run(Thread.java:1570)
	Caused by: java.sql.SQLException: 无效的列索引
		at oracle.jdbc.driver.OraclePreparedStatement.setFormOfUseInternal(OraclePreparedStatement.java:10137)
		at oracle.jdbc.driver.OraclePreparedStatement.setFormOfUseInternal(OraclePreparedStatement.java:10118)
		at oracle.jdbc.driver.OraclePreparedStatement.setString(OraclePreparedStatement.java:4879)
		at oracle.jdbc.driver.OraclePreparedStatementWrapper.setString(OraclePreparedStatementWrapper.java:257)
		at com.sunriver.arvhiceSystem.service.impl.ArchiveDataServiceImpl.archiveDataInsert(ArchiveDataServiceImpl.java:35)
		... 26 more
28-Apr-2024 16:40:39.583 严重 [http-nio-8080-exec-3] org.apache.catalina.core.StandardWrapperValve.invoke 在路径为[/demo2]的上下文中，servlet[com.sunriver.arvhiceSystem.FileUploadServlet]的Servlet.service()引发异常
	java.lang.RuntimeException: java.sql.SQLException: 无效的列索引
		at com.sunriver.arvhiceSystem.service.impl.ArchiveDataServiceImpl.archiveDataInsert(ArchiveDataServiceImpl.java:50)
		at com.sunriver.arvhiceSystem.FileUploadServlet.insertData(FileUploadServlet.java:151)
		at com.sunriver.arvhiceSystem.FileUploadServlet.doPost(FileUploadServlet.java:118)
		at javax.servlet.http.HttpServlet.service(HttpServlet.java:555)
		at javax.servlet.http.HttpServlet.service(HttpServlet.java:623)
		at org.apache.catalina.core.ApplicationFilterChain.internalDoFilter(ApplicationFilterChain.java:200)
		at org.apache.catalina.core.ApplicationFilterChain.doFilter(ApplicationFilterChain.java:144)
		at org.apache.tomcat.websocket.server.WsFilter.doFilter(WsFilter.java:51)
		at org.apache.catalina.core.ApplicationFilterChain.internalDoFilter(ApplicationFilterChain.java:169)
		at org.apache.catalina.core.ApplicationFilterChain.doFilter(ApplicationFilterChain.java:144)
		at org.apache.catalina.core.StandardWrapperValve.invoke(StandardWrapperValve.java:168)
		at org.apache.catalina.core.StandardContextValve.invoke(StandardContextValve.java:90)
		at org.apache.catalina.authenticator.AuthenticatorBase.invoke(AuthenticatorBase.java:481)
		at org.apache.catalina.core.StandardHostValve.invoke(StandardHostValve.java:130)
		at org.apache.catalina.valves.ErrorReportValve.invoke(ErrorReportValve.java:93)
		at org.apache.catalina.valves.AbstractAccessLogValve.invoke(AbstractAccessLogValve.java:670)
		at org.apache.catalina.core.StandardEngineValve.invoke(StandardEngineValve.java:74)
		at org.apache.catalina.connector.CoyoteAdapter.service(CoyoteAdapter.java:346)
		at org.apache.coyote.http11.Http11Processor.service(Http11Processor.java:390)
		at org.apache.coyote.AbstractProcessorLight.process(AbstractProcessorLight.java:63)
		at org.apache.coyote.AbstractProtocol$ConnectionHandler.process(AbstractProtocol.java:928)
		at org.apache.tomcat.util.net.NioEndpoint$SocketProcessor.doRun(NioEndpoint.java:1786)
		at org.apache.tomcat.util.net.SocketProcessorBase.run(SocketProcessorBase.java:52)
		at org.apache.tomcat.util.threads.ThreadPoolExecutor.runWorker(ThreadPoolExecutor.java:1191)
		at org.apache.tomcat.util.threads.ThreadPoolExecutor$Worker.run(ThreadPoolExecutor.java:659)
		at org.apache.tomcat.util.threads.TaskThread$WrappingRunnable.run(TaskThread.java:63)
		at java.base/java.lang.Thread.run(Thread.java:1570)
	Caused by: java.sql.SQLException: 无效的列索引
		at oracle.jdbc.driver.OraclePreparedStatement.setFormOfUseInternal(OraclePreparedStatement.java:10137)
		at oracle.jdbc.driver.OraclePreparedStatement.setFormOfUseInternal(OraclePreparedStatement.java:10118)
		at oracle.jdbc.driver.OraclePreparedStatement.setString(OraclePreparedStatement.java:4879)
		at oracle.jdbc.driver.OraclePreparedStatementWrapper.setString(OraclePreparedStatementWrapper.java:257)
		at com.sunriver.arvhiceSystem.service.impl.ArchiveDataServiceImpl.archiveDataInsert(ArchiveDataServiceImpl.java:35)
		... 26 more
28-Apr-2024 16:43:36.887 严重 [http-nio-8080-exec-1] org.apache.catalina.core.StandardWrapperValve.invoke 在路径为[/demo2]的上下文中，servlet[com.sunriver.arvhiceSystem.FileUploadServlet]的Servlet.service()引发异常
	java.lang.RuntimeException: java.sql.BatchUpdateException: ORA-01722: 无效数字

		at com.sunriver.arvhiceSystem.service.impl.ArchiveDataServiceImpl.archiveDataInsert(ArchiveDataServiceImpl.java:50)
		at com.sunriver.arvhiceSystem.FileUploadServlet.insertData(FileUploadServlet.java:151)
		at com.sunriver.arvhiceSystem.FileUploadServlet.doPost(FileUploadServlet.java:118)
		at javax.servlet.http.HttpServlet.service(HttpServlet.java:555)
		at javax.servlet.http.HttpServlet.service(HttpServlet.java:623)
		at org.apache.catalina.core.ApplicationFilterChain.internalDoFilter(ApplicationFilterChain.java:200)
		at org.apache.catalina.core.ApplicationFilterChain.doFilter(ApplicationFilterChain.java:144)
		at org.apache.tomcat.websocket.server.WsFilter.doFilter(WsFilter.java:51)
		at org.apache.catalina.core.ApplicationFilterChain.internalDoFilter(ApplicationFilterChain.java:169)
		at org.apache.catalina.core.ApplicationFilterChain.doFilter(ApplicationFilterChain.java:144)
		at org.apache.catalina.core.StandardWrapperValve.invoke(StandardWrapperValve.java:168)
		at org.apache.catalina.core.StandardContextValve.invoke(StandardContextValve.java:90)
		at org.apache.catalina.authenticator.AuthenticatorBase.invoke(AuthenticatorBase.java:481)
		at org.apache.catalina.core.StandardHostValve.invoke(StandardHostValve.java:130)
		at org.apache.catalina.valves.ErrorReportValve.invoke(ErrorReportValve.java:93)
		at org.apache.catalina.valves.AbstractAccessLogValve.invoke(AbstractAccessLogValve.java:670)
		at org.apache.catalina.core.StandardEngineValve.invoke(StandardEngineValve.java:74)
		at org.apache.catalina.connector.CoyoteAdapter.service(CoyoteAdapter.java:346)
		at org.apache.coyote.http11.Http11Processor.service(Http11Processor.java:390)
		at org.apache.coyote.AbstractProcessorLight.process(AbstractProcessorLight.java:63)
		at org.apache.coyote.AbstractProtocol$ConnectionHandler.process(AbstractProtocol.java:928)
		at org.apache.tomcat.util.net.NioEndpoint$SocketProcessor.doRun(NioEndpoint.java:1786)
		at org.apache.tomcat.util.net.SocketProcessorBase.run(SocketProcessorBase.java:52)
		at org.apache.tomcat.util.threads.ThreadPoolExecutor.runWorker(ThreadPoolExecutor.java:1191)
		at org.apache.tomcat.util.threads.ThreadPoolExecutor$Worker.run(ThreadPoolExecutor.java:659)
		at org.apache.tomcat.util.threads.TaskThread$WrappingRunnable.run(TaskThread.java:63)
		at java.base/java.lang.Thread.run(Thread.java:1570)
	Caused by: java.sql.BatchUpdateException: ORA-01722: 无效数字

		at oracle.jdbc.driver.OraclePreparedStatement.executeLargeBatch(OraclePreparedStatement.java:9711)
		at oracle.jdbc.driver.T4CPreparedStatement.executeLargeBatch(T4CPreparedStatement.java:1447)
		at oracle.jdbc.driver.OraclePreparedStatement.executeBatch(OraclePreparedStatement.java:9487)
		at oracle.jdbc.driver.OracleStatementWrapper.executeBatch(OracleStatementWrapper.java:237)
		at com.sunriver.arvhiceSystem.service.impl.ArchiveDataServiceImpl.archiveDataInsert(ArchiveDataServiceImpl.java:43)
		... 26 more
28-Apr-2024 16:50:57.752 严重 [http-nio-8080-exec-3] org.apache.catalina.core.StandardWrapperValve.invoke 在路径为[/demo2]的上下文中，servlet[com.sunriver.arvhiceSystem.FileUploadServlet]的Servlet.service()引发异常
	java.lang.RuntimeException: java.sql.BatchUpdateException: ORA-01722: 无效数字

		at com.sunriver.arvhiceSystem.service.impl.ArchiveDataServiceImpl.archiveDataInsert(ArchiveDataServiceImpl.java:50)
		at com.sunriver.arvhiceSystem.FileUploadServlet.insertData(FileUploadServlet.java:151)
		at com.sunriver.arvhiceSystem.FileUploadServlet.doPost(FileUploadServlet.java:118)
		at javax.servlet.http.HttpServlet.service(HttpServlet.java:555)
		at javax.servlet.http.HttpServlet.service(HttpServlet.java:623)
		at org.apache.catalina.core.ApplicationFilterChain.internalDoFilter(ApplicationFilterChain.java:200)
		at org.apache.catalina.core.ApplicationFilterChain.doFilter(ApplicationFilterChain.java:144)
		at org.apache.tomcat.websocket.server.WsFilter.doFilter(WsFilter.java:51)
		at org.apache.catalina.core.ApplicationFilterChain.internalDoFilter(ApplicationFilterChain.java:169)
		at org.apache.catalina.core.ApplicationFilterChain.doFilter(ApplicationFilterChain.java:144)
		at org.apache.catalina.core.StandardWrapperValve.invoke(StandardWrapperValve.java:168)
		at org.apache.catalina.core.StandardContextValve.invoke(StandardContextValve.java:90)
		at org.apache.catalina.authenticator.AuthenticatorBase.invoke(AuthenticatorBase.java:481)
		at org.apache.catalina.core.StandardHostValve.invoke(StandardHostValve.java:130)
		at org.apache.catalina.valves.ErrorReportValve.invoke(ErrorReportValve.java:93)
		at org.apache.catalina.valves.AbstractAccessLogValve.invoke(AbstractAccessLogValve.java:670)
		at org.apache.catalina.core.StandardEngineValve.invoke(StandardEngineValve.java:74)
		at org.apache.catalina.connector.CoyoteAdapter.service(CoyoteAdapter.java:346)
		at org.apache.coyote.http11.Http11Processor.service(Http11Processor.java:390)
		at org.apache.coyote.AbstractProcessorLight.process(AbstractProcessorLight.java:63)
		at org.apache.coyote.AbstractProtocol$ConnectionHandler.process(AbstractProtocol.java:928)
		at org.apache.tomcat.util.net.NioEndpoint$SocketProcessor.doRun(NioEndpoint.java:1786)
		at org.apache.tomcat.util.net.SocketProcessorBase.run(SocketProcessorBase.java:52)
		at org.apache.tomcat.util.threads.ThreadPoolExecutor.runWorker(ThreadPoolExecutor.java:1191)
		at org.apache.tomcat.util.threads.ThreadPoolExecutor$Worker.run(ThreadPoolExecutor.java:659)
		at org.apache.tomcat.util.threads.TaskThread$WrappingRunnable.run(TaskThread.java:63)
		at java.base/java.lang.Thread.run(Thread.java:1570)
	Caused by: java.sql.BatchUpdateException: ORA-01722: 无效数字

		at oracle.jdbc.driver.OraclePreparedStatement.executeLargeBatch(OraclePreparedStatement.java:9711)
		at oracle.jdbc.driver.T4CPreparedStatement.executeLargeBatch(T4CPreparedStatement.java:1447)
		at oracle.jdbc.driver.OraclePreparedStatement.executeBatch(OraclePreparedStatement.java:9487)
		at oracle.jdbc.driver.OracleStatementWrapper.executeBatch(OracleStatementWrapper.java:237)
		at com.sunriver.arvhiceSystem.service.impl.ArchiveDataServiceImpl.archiveDataInsert(ArchiveDataServiceImpl.java:43)
		... 26 more
28-Apr-2024 16:54:37.847 严重 [http-nio-8080-exec-3] org.apache.catalina.core.StandardWrapperValve.invoke 在路径为[/demo2]的上下文中，servlet[com.sunriver.arvhiceSystem.FileUploadServlet]的Servlet.service()引发异常
	java.lang.RuntimeException: java.sql.BatchUpdateException: ORA-01722: 无效数字

		at com.sunriver.arvhiceSystem.service.impl.ArchiveDataServiceImpl.archiveDataInsert(ArchiveDataServiceImpl.java:50)
		at com.sunriver.arvhiceSystem.FileUploadServlet.insertData(FileUploadServlet.java:151)
		at com.sunriver.arvhiceSystem.FileUploadServlet.doPost(FileUploadServlet.java:118)
		at javax.servlet.http.HttpServlet.service(HttpServlet.java:555)
		at javax.servlet.http.HttpServlet.service(HttpServlet.java:623)
		at org.apache.catalina.core.ApplicationFilterChain.internalDoFilter(ApplicationFilterChain.java:200)
		at org.apache.catalina.core.ApplicationFilterChain.doFilter(ApplicationFilterChain.java:144)
		at org.apache.tomcat.websocket.server.WsFilter.doFilter(WsFilter.java:51)
		at org.apache.catalina.core.ApplicationFilterChain.internalDoFilter(ApplicationFilterChain.java:169)
		at org.apache.catalina.core.ApplicationFilterChain.doFilter(ApplicationFilterChain.java:144)
		at org.apache.catalina.core.StandardWrapperValve.invoke(StandardWrapperValve.java:168)
		at org.apache.catalina.core.StandardContextValve.invoke(StandardContextValve.java:90)
		at org.apache.catalina.authenticator.AuthenticatorBase.invoke(AuthenticatorBase.java:481)
		at org.apache.catalina.core.StandardHostValve.invoke(StandardHostValve.java:130)
		at org.apache.catalina.valves.ErrorReportValve.invoke(ErrorReportValve.java:93)
		at org.apache.catalina.valves.AbstractAccessLogValve.invoke(AbstractAccessLogValve.java:670)
		at org.apache.catalina.core.StandardEngineValve.invoke(StandardEngineValve.java:74)
		at org.apache.catalina.connector.CoyoteAdapter.service(CoyoteAdapter.java:346)
		at org.apache.coyote.http11.Http11Processor.service(Http11Processor.java:390)
		at org.apache.coyote.AbstractProcessorLight.process(AbstractProcessorLight.java:63)
		at org.apache.coyote.AbstractProtocol$ConnectionHandler.process(AbstractProtocol.java:928)
		at org.apache.tomcat.util.net.NioEndpoint$SocketProcessor.doRun(NioEndpoint.java:1786)
		at org.apache.tomcat.util.net.SocketProcessorBase.run(SocketProcessorBase.java:52)
		at org.apache.tomcat.util.threads.ThreadPoolExecutor.runWorker(ThreadPoolExecutor.java:1191)
		at org.apache.tomcat.util.threads.ThreadPoolExecutor$Worker.run(ThreadPoolExecutor.java:659)
		at org.apache.tomcat.util.threads.TaskThread$WrappingRunnable.run(TaskThread.java:63)
		at java.base/java.lang.Thread.run(Thread.java:1570)
	Caused by: java.sql.BatchUpdateException: ORA-01722: 无效数字

		at oracle.jdbc.driver.OraclePreparedStatement.executeLargeBatch(OraclePreparedStatement.java:9711)
		at oracle.jdbc.driver.T4CPreparedStatement.executeLargeBatch(T4CPreparedStatement.java:1447)
		at oracle.jdbc.driver.OraclePreparedStatement.executeBatch(OraclePreparedStatement.java:9487)
		at oracle.jdbc.driver.OracleStatementWrapper.executeBatch(OracleStatementWrapper.java:237)
		at com.sunriver.arvhiceSystem.service.impl.ArchiveDataServiceImpl.archiveDataInsert(ArchiveDataServiceImpl.java:43)
		... 26 more
28-Apr-2024 17:00:55.143 严重 [http-nio-8080-exec-4] org.apache.catalina.core.StandardWrapperValve.invoke 在路径为[/demo2]的上下文中，servlet[com.sunriver.arvhiceSystem.FileUploadServlet]的Servlet.service()引发异常
	java.lang.RuntimeException: java.sql.BatchUpdateException: ORA-01722: 无效数字

		at com.sunriver.arvhiceSystem.service.impl.ArchiveDataServiceImpl.archiveDataInsert(ArchiveDataServiceImpl.java:50)
		at com.sunriver.arvhiceSystem.FileUploadServlet.insertData(FileUploadServlet.java:151)
		at com.sunriver.arvhiceSystem.FileUploadServlet.doPost(FileUploadServlet.java:118)
		at javax.servlet.http.HttpServlet.service(HttpServlet.java:555)
		at javax.servlet.http.HttpServlet.service(HttpServlet.java:623)
		at org.apache.catalina.core.ApplicationFilterChain.internalDoFilter(ApplicationFilterChain.java:200)
		at org.apache.catalina.core.ApplicationFilterChain.doFilter(ApplicationFilterChain.java:144)
		at org.apache.tomcat.websocket.server.WsFilter.doFilter(WsFilter.java:51)
		at org.apache.catalina.core.ApplicationFilterChain.internalDoFilter(ApplicationFilterChain.java:169)
		at org.apache.catalina.core.ApplicationFilterChain.doFilter(ApplicationFilterChain.java:144)
		at org.apache.catalina.core.StandardWrapperValve.invoke(StandardWrapperValve.java:168)
		at org.apache.catalina.core.StandardContextValve.invoke(StandardContextValve.java:90)
		at org.apache.catalina.authenticator.AuthenticatorBase.invoke(AuthenticatorBase.java:481)
		at org.apache.catalina.core.StandardHostValve.invoke(StandardHostValve.java:130)
		at org.apache.catalina.valves.ErrorReportValve.invoke(ErrorReportValve.java:93)
		at org.apache.catalina.valves.AbstractAccessLogValve.invoke(AbstractAccessLogValve.java:670)
		at org.apache.catalina.core.StandardEngineValve.invoke(StandardEngineValve.java:74)
		at org.apache.catalina.connector.CoyoteAdapter.service(CoyoteAdapter.java:346)
		at org.apache.coyote.http11.Http11Processor.service(Http11Processor.java:390)
		at org.apache.coyote.AbstractProcessorLight.process(AbstractProcessorLight.java:63)
		at org.apache.coyote.AbstractProtocol$ConnectionHandler.process(AbstractProtocol.java:928)
		at org.apache.tomcat.util.net.NioEndpoint$SocketProcessor.doRun(NioEndpoint.java:1786)
		at org.apache.tomcat.util.net.SocketProcessorBase.run(SocketProcessorBase.java:52)
		at org.apache.tomcat.util.threads.ThreadPoolExecutor.runWorker(ThreadPoolExecutor.java:1191)
		at org.apache.tomcat.util.threads.ThreadPoolExecutor$Worker.run(ThreadPoolExecutor.java:659)
		at org.apache.tomcat.util.threads.TaskThread$WrappingRunnable.run(TaskThread.java:63)
		at java.base/java.lang.Thread.run(Thread.java:1570)
	Caused by: java.sql.BatchUpdateException: ORA-01722: 无效数字

		at oracle.jdbc.driver.OraclePreparedStatement.executeLargeBatch(OraclePreparedStatement.java:9711)
		at oracle.jdbc.driver.T4CPreparedStatement.executeLargeBatch(T4CPreparedStatement.java:1447)
		at oracle.jdbc.driver.OraclePreparedStatement.executeBatch(OraclePreparedStatement.java:9487)
		at oracle.jdbc.driver.OracleStatementWrapper.executeBatch(OracleStatementWrapper.java:237)
		at com.sunriver.arvhiceSystem.service.impl.ArchiveDataServiceImpl.archiveDataInsert(ArchiveDataServiceImpl.java:43)
		... 26 more
28-Apr-2024 17:00:55.182 严重 [http-nio-8080-exec-1] org.apache.catalina.core.StandardWrapperValve.invoke 在路径为[/demo2]的上下文中，servlet[com.sunriver.arvhiceSystem.FileUploadServlet]的Servlet.service()引发异常
	java.lang.RuntimeException: java.sql.BatchUpdateException: ORA-01722: 无效数字

		at com.sunriver.arvhiceSystem.service.impl.ArchiveDataServiceImpl.archiveDataInsert(ArchiveDataServiceImpl.java:50)
		at com.sunriver.arvhiceSystem.FileUploadServlet.insertData(FileUploadServlet.java:151)
		at com.sunriver.arvhiceSystem.FileUploadServlet.doPost(FileUploadServlet.java:118)
		at javax.servlet.http.HttpServlet.service(HttpServlet.java:555)
		at javax.servlet.http.HttpServlet.service(HttpServlet.java:623)
		at org.apache.catalina.core.ApplicationFilterChain.internalDoFilter(ApplicationFilterChain.java:200)
		at org.apache.catalina.core.ApplicationFilterChain.doFilter(ApplicationFilterChain.java:144)
		at org.apache.tomcat.websocket.server.WsFilter.doFilter(WsFilter.java:51)
		at org.apache.catalina.core.ApplicationFilterChain.internalDoFilter(ApplicationFilterChain.java:169)
		at org.apache.catalina.core.ApplicationFilterChain.doFilter(ApplicationFilterChain.java:144)
		at org.apache.catalina.core.StandardWrapperValve.invoke(StandardWrapperValve.java:168)
		at org.apache.catalina.core.StandardContextValve.invoke(StandardContextValve.java:90)
		at org.apache.catalina.authenticator.AuthenticatorBase.invoke(AuthenticatorBase.java:481)
		at org.apache.catalina.core.StandardHostValve.invoke(StandardHostValve.java:130)
		at org.apache.catalina.valves.ErrorReportValve.invoke(ErrorReportValve.java:93)
		at org.apache.catalina.valves.AbstractAccessLogValve.invoke(AbstractAccessLogValve.java:670)
		at org.apache.catalina.core.StandardEngineValve.invoke(StandardEngineValve.java:74)
		at org.apache.catalina.connector.CoyoteAdapter.service(CoyoteAdapter.java:346)
		at org.apache.coyote.http11.Http11Processor.service(Http11Processor.java:390)
		at org.apache.coyote.AbstractProcessorLight.process(AbstractProcessorLight.java:63)
		at org.apache.coyote.AbstractProtocol$ConnectionHandler.process(AbstractProtocol.java:928)
		at org.apache.tomcat.util.net.NioEndpoint$SocketProcessor.doRun(NioEndpoint.java:1786)
		at org.apache.tomcat.util.net.SocketProcessorBase.run(SocketProcessorBase.java:52)
		at org.apache.tomcat.util.threads.ThreadPoolExecutor.runWorker(ThreadPoolExecutor.java:1191)
		at org.apache.tomcat.util.threads.ThreadPoolExecutor$Worker.run(ThreadPoolExecutor.java:659)
		at org.apache.tomcat.util.threads.TaskThread$WrappingRunnable.run(TaskThread.java:63)
		at java.base/java.lang.Thread.run(Thread.java:1570)
	Caused by: java.sql.BatchUpdateException: ORA-01722: 无效数字

		at oracle.jdbc.driver.OraclePreparedStatement.executeLargeBatch(OraclePreparedStatement.java:9711)
		at oracle.jdbc.driver.T4CPreparedStatement.executeLargeBatch(T4CPreparedStatement.java:1447)
		at oracle.jdbc.driver.OraclePreparedStatement.executeBatch(OraclePreparedStatement.java:9487)
		at oracle.jdbc.driver.OracleStatementWrapper.executeBatch(OracleStatementWrapper.java:237)
		at com.sunriver.arvhiceSystem.service.impl.ArchiveDataServiceImpl.archiveDataInsert(ArchiveDataServiceImpl.java:43)
		... 26 more
